
[Listing Page] Processing page 1 / unknown (https://www.ivivu.com/blog/category/top-diem-den/)
[info] Automatically detected max pages: 751
  [info] Found 0 new articles to crawl (out of 44 total links on page 1)

[Listing Page] Processing page 2 / 751 (https://www.ivivu.com/blog/category/top-diem-den/page/2/)
  [info] Found 0 new articles to crawl (out of 48 total links on page 2)

[Listing Page] Processing page 3 / 751 (https://www.ivivu.com/blog/category/top-diem-den/page/3/)
  [info] Found 0 new articles to crawl (out of 48 total links on page 3)

[Listing Page] Processing page 4 / 751 (https://www.ivivu.com/blog/category/top-diem-den/page/4/)
  [info] Found 0 new articles to crawl (out of 48 total links on page 4)

[Listing Page] Processing page 5 / 751 (https://www.ivivu.com/blog/category/top-diem-den/page/5/)
  [info] Found 0 new articles to crawl (out of 48 total links on page 5)

[Listing Page] Processing page 6 / 751 (https://www.ivivu.com/blog/category/top-diem-den/page/6/)
  [info] Found 0 new articles to crawl (out of 48 total links on page 6)

[Listing Page] Processing page 7 / 751 (https://www.ivivu.com/blog/category/top-diem-den/page/7/)
  [info] Found 0 new articles to crawl (out of 48 total links on page 7)

[Listing Page] Processing page 8 / 751 (https://www.ivivu.com/blog/category/top-diem-den/page/8/)
  [info] Found 0 new articles to crawl (out of 48 total links on page 8)

[Listing Page] Processing page 9 / 751 (https://www.ivivu.com/blog/category/top-diem-den/page/9/)
  [info] Found 0 new articles to crawl (out of 48 total links on page 9)

[Listing Page] Processing page 10 / 751 (https://www.ivivu.com/blog/category/top-diem-den/page/10/)
  [info] Found 0 new articles to crawl (out of 48 total links on page 10)

[Listing Page] Processing page 11 / 751 (https://www.ivivu.com/blog/category/top-diem-den/page/11/)
  [info] Found 0 new articles to crawl (out of 48 total links on page 11)

[Listing Page] Processing page 12 / 751 (https://www.ivivu.com/blog/category/top-diem-den/page/12/)
  [info] Found 0 new articles to crawl (out of 48 total links on page 12)

[Listing Page] Processing page 13 / 751 (https://www.ivivu.com/blog/category/top-diem-den/page/13/)
  [info] Found 0 new articles to crawl (out of 48 total links on page 13)

[Listing Page] Processing page 14 / 751 (https://www.ivivu.com/blog/category/top-diem-den/page/14/)
  [info] Found 0 new articles to crawl (out of 48 total links on page 14)

[Listing Page] Processing page 15 / 751 (https://www.ivivu.com/blog/category/top-diem-den/page/15/)
  [info] Found 0 new articles to crawl (out of 48 total links on page 15)

[Listing Page] Processing page 16 / 751 (https://www.ivivu.com/blog/category/top-diem-den/page/16/)
  [info] Found 0 new articles to crawl (out of 48 total links on page 16)

[Listing Page] Processing page 17 / 751 (https://www.ivivu.com/blog/category/top-diem-den/page/17/)
  [info] Found 0 new articles to crawl (out of 48 total links on page 17)

[Listing Page] Processing page 18 / 751 (https://www.ivivu.com/blog/category/top-diem-den/page/18/)
  [info] Found 0 new articles to crawl (out of 48 total links on page 18)

[Listing Page] Processing page 19 / 751 (https://www.ivivu.com/blog/category/top-diem-den/page/19/)
  [info] Found 0 new articles to crawl (out of 48 total links on page 19)

[Listing Page] Processing page 20 / 751 (https://www.ivivu.com/blog/category/top-diem-den/page/20/)
  [info] Found 0 new articles to crawl (out of 48 total links on page 20)

[Listing Page] Processing page 21 / 751 (https://www.ivivu.com/blog/category/top-diem-den/page/21/)
  [info] Found 0 new articles to crawl (out of 48 total links on page 21)

[Listing Page] Processing page 22 / 751 (https://www.ivivu.com/blog/category/top-diem-den/page/22/)
  [info] Found 0 new articles to crawl (out of 48 total links on page 22)

[Listing Page] Processing page 23 / 751 (https://www.ivivu.com/blog/category/top-diem-den/page/23/)
  [info] Found 0 new articles to crawl (out of 48 total links on page 23)

[Listing Page] Processing page 24 / 751 (https://www.ivivu.com/blog/category/top-diem-den/page/24/)
  [info] Found 0 new articles to crawl (out of 48 total links on page 24)

[Listing Page] Processing page 25 / 751 (https://www.ivivu.com/blog/category/top-diem-den/page/25/)
  [info] Found 0 new articles to crawl (out of 48 total links on page 25)

[Listing Page] Processing page 26 / 751 (https://www.ivivu.com/blog/category/top-diem-den/page/26/)
  [info] Found 0 new articles to crawl (out of 48 total links on page 26)

[Listing Page] Processing page 27 / 751 (https://www.ivivu.com/blog/category/top-diem-den/page/27/)
  [info] Found 0 new articles to crawl (out of 48 total links on page 27)

[Listing Page] Processing page 28 / 751 (https://www.ivivu.com/blog/category/top-diem-den/page/28/)
  [info] Found 0 new articles to crawl (out of 48 total links on page 28)

[Listing Page] Processing page 29 / 751 (https://www.ivivu.com/blog/category/top-diem-den/page/29/)
  [info] Found 0 new articles to crawl (out of 48 total links on page 29)

[Listing Page] Processing page 30 / 751 (https://www.ivivu.com/blog/category/top-diem-den/page/30/)
  [info] Found 0 new articles to crawl (out of 48 total links on page 30)

[Listing Page] Processing page 31 / 751 (https://www.ivivu.com/blog/category/top-diem-den/page/31/)
  [info] Found 0 new articles to crawl (out of 48 total links on page 31)

[Listing Page] Processing page 32 / 751 (https://www.ivivu.com/blog/category/top-diem-den/page/32/)
  [info] Found 0 new articles to crawl (out of 48 total links on page 32)

[Listing Page] Processing page 33 / 751 (https://www.ivivu.com/blog/category/top-diem-den/page/33/)
  [info] Found 0 new articles to crawl (out of 48 total links on page 33)

[Listing Page] Processing page 34 / 751 (https://www.ivivu.com/blog/category/top-diem-den/page/34/)
  [info] Found 0 new articles to crawl (out of 48 total links on page 34)

[Listing Page] Processing page 35 / 751 (https://www.ivivu.com/blog/category/top-diem-den/page/35/)
  [info] Found 0 new articles to crawl (out of 48 total links on page 35)

[Listing Page] Processing page 36 / 751 (https://www.ivivu.com/blog/category/top-diem-den/page/36/)
  [info] Found 0 new articles to crawl (out of 48 total links on page 36)

[Listing Page] Processing page 37 / 751 (https://www.ivivu.com/blog/category/top-diem-den/page/37/)
  [info] Found 0 new articles to crawl (out of 47 total links on page 37)

[Listing Page] Processing page 38 / 751 (https://www.ivivu.com/blog/category/top-diem-den/page/38/)
  [info] Found 0 new articles to crawl (out of 48 total links on page 38)

[Listing Page] Processing page 39 / 751 (https://www.ivivu.com/blog/category/top-diem-den/page/39/)
  [info] Found 0 new articles to crawl (out of 48 total links on page 39)

[Listing Page] Processing page 40 / 751 (https://www.ivivu.com/blog/category/top-diem-den/page/40/)
  [info] Found 0 new articles to crawl (out of 48 total links on page 40)

[Listing Page] Processing page 41 / 751 (https://www.ivivu.com/blog/category/top-diem-den/page/41/)
  [info] Found 0 new articles to crawl (out of 48 total links on page 41)

[Listing Page] Processing page 42 / 751 (https://www.ivivu.com/blog/category/top-diem-den/page/42/)
  [info] Found 0 new articles to crawl (out of 48 total links on page 42)

[Listing Page] Processing page 43 / 751 (https://www.ivivu.com/blog/category/top-diem-den/page/43/)
  [info] Found 0 new articles to crawl (out of 48 total links on page 43)

[Listing Page] Processing page 44 / 751 (https://www.ivivu.com/blog/category/top-diem-den/page/44/)
  [info] Found 0 new articles to crawl (out of 48 total links on page 44)

[Listing Page] Processing page 45 / 751 (https://www.ivivu.com/blog/category/top-diem-den/page/45/)
  [info] Found 0 new articles to crawl (out of 48 total links on page 45)

[Listing Page] Processing page 46 / 751 (https://www.ivivu.com/blog/category/top-diem-den/page/46/)
  [info] Found 0 new articles to crawl (out of 48 total links on page 46)

[Listing Page] Processing page 47 / 751 (https://www.ivivu.com/blog/category/top-diem-den/page/47/)
  [info] Found 0 new articles to crawl (out of 48 total links on page 47)

[Listing Page] Processing page 48 / 751 (https://www.ivivu.com/blog/category/top-diem-den/page/48/)
  [info] Found 0 new articles to crawl (out of 48 total links on page 48)

[Listing Page] Processing page 49 / 751 (https://www.ivivu.com/blog/category/top-diem-den/page/49/)
  [info] Found 0 new articles to crawl (out of 48 total links on page 49)

[Listing Page] Processing page 50 / 751 (https://www.ivivu.com/blog/category/top-diem-den/page/50/)
  [info] Found 0 new articles to crawl (out of 48 total links on page 50)

[Listing Page] Processing page 51 / 751 (https://www.ivivu.com/blog/category/top-diem-den/page/51/)
  [info] Found 0 new articles to crawl (out of 48 total links on page 51)

[Listing Page] Processing page 52 / 751 (https://www.ivivu.com/blog/category/top-diem-den/page/52/)
  [info] Found 0 new articles to crawl (out of 48 total links on page 52)

[Listing Page] Processing page 53 / 751 (https://www.ivivu.com/blog/category/top-diem-den/page/53/)
  [info] Found 0 new articles to crawl (out of 48 total links on page 53)

[Listing Page] Processing page 54 / 751 (https://www.ivivu.com/blog/category/top-diem-den/page/54/)
  [info] Found 0 new articles to crawl (out of 48 total links on page 54)

[Listing Page] Processing page 55 / 751 (https://www.ivivu.com/blog/category/top-diem-den/page/55/)
  [info] Found 0 new articles to crawl (out of 48 total links on page 55)

[Listing Page] Processing page 56 / 751 (https://www.ivivu.com/blog/category/top-diem-den/page/56/)
  [info] Found 0 new articles to crawl (out of 48 total links on page 56)

[Listing Page] Processing page 57 / 751 (https://www.ivivu.com/blog/category/top-diem-den/page/57/)
  [info] Found 0 new articles to crawl (out of 48 total links on page 57)

[Listing Page] Processing page 58 / 751 (https://www.ivivu.com/blog/category/top-diem-den/page/58/)
  [info] Found 0 new articles to crawl (out of 48 total links on page 58)

[Listing Page] Processing page 59 / 751 (https://www.ivivu.com/blog/category/top-diem-den/page/59/)
  [info] Found 0 new articles to crawl (out of 48 total links on page 59)

[Listing Page] Processing page 60 / 751 (https://www.ivivu.com/blog/category/top-diem-den/page/60/)
  [info] Found 0 new articles to crawl (out of 48 total links on page 60)

[Listing Page] Processing page 61 / 751 (https://www.ivivu.com/blog/category/top-diem-den/page/61/)
  [info] Found 0 new articles to crawl (out of 48 total links on page 61)

[Listing Page] Processing page 62 / 751 (https://www.ivivu.com/blog/category/top-diem-den/page/62/)
  [info] Found 0 new articles to crawl (out of 48 total links on page 62)

[Listing Page] Processing page 63 / 751 (https://www.ivivu.com/blog/category/top-diem-den/page/63/)
  [info] Found 0 new articles to crawl (out of 48 total links on page 63)

[Listing Page] Processing page 64 / 751 (https://www.ivivu.com/blog/category/top-diem-den/page/64/)
  [info] Found 0 new articles to crawl (out of 48 total links on page 64)

[Listing Page] Processing page 65 / 751 (https://www.ivivu.com/blog/category/top-diem-den/page/65/)
  [info] Found 0 new articles to crawl (out of 48 total links on page 65)

[Listing Page] Processing page 66 / 751 (https://www.ivivu.com/blog/category/top-diem-den/page/66/)
  [info] Found 0 new articles to crawl (out of 48 total links on page 66)

[Listing Page] Processing page 67 / 751 (https://www.ivivu.com/blog/category/top-diem-den/page/67/)
  [info] Found 0 new articles to crawl (out of 48 total links on page 67)

[Listing Page] Processing page 68 / 751 (https://www.ivivu.com/blog/category/top-diem-den/page/68/)
  [info] Found 0 new articles to crawl (out of 48 total links on page 68)

[Listing Page] Processing page 69 / 751 (https://www.ivivu.com/blog/category/top-diem-den/page/69/)
  [info] Found 0 new articles to crawl (out of 48 total links on page 69)

[Listing Page] Processing page 70 / 751 (https://www.ivivu.com/blog/category/top-diem-den/page/70/)
  [info] Found 0 new articles to crawl (out of 48 total links on page 70)

[Listing Page] Processing page 71 / 751 (https://www.ivivu.com/blog/category/top-diem-den/page/71/)
  [info] Found 0 new articles to crawl (out of 48 total links on page 71)

[Listing Page] Processing page 72 / 751 (https://www.ivivu.com/blog/category/top-diem-den/page/72/)
  [info] Found 0 new articles to crawl (out of 48 total links on page 72)

[Listing Page] Processing page 73 / 751 (https://www.ivivu.com/blog/category/top-diem-den/page/73/)
  [info] Found 0 new articles to crawl (out of 48 total links on page 73)

[Listing Page] Processing page 74 / 751 (https://www.ivivu.com/blog/category/top-diem-den/page/74/)
  [info] Found 0 new articles to crawl (out of 48 total links on page 74)

[Listing Page] Processing page 75 / 751 (https://www.ivivu.com/blog/category/top-diem-den/page/75/)
  [info] Found 0 new articles to crawl (out of 48 total links on page 75)

[Listing Page] Processing page 76 / 751 (https://www.ivivu.com/blog/category/top-diem-den/page/76/)
  [info] Found 0 new articles to crawl (out of 48 total links on page 76)

[Listing Page] Processing page 77 / 751 (https://www.ivivu.com/blog/category/top-diem-den/page/77/)
  [info] Found 0 new articles to crawl (out of 48 total links on page 77)

[Listing Page] Processing page 78 / 751 (https://www.ivivu.com/blog/category/top-diem-den/page/78/)
  [info] Found 0 new articles to crawl (out of 48 total links on page 78)

[Listing Page] Processing page 79 / 751 (https://www.ivivu.com/blog/category/top-diem-den/page/79/)
  [info] Found 0 new articles to crawl (out of 48 total links on page 79)

[Listing Page] Processing page 80 / 751 (https://www.ivivu.com/blog/category/top-diem-den/page/80/)
  [info] Found 0 new articles to crawl (out of 48 total links on page 80)

[Listing Page] Processing page 81 / 751 (https://www.ivivu.com/blog/category/top-diem-den/page/81/)
  [info] Found 0 new articles to crawl (out of 48 total links on page 81)

[Listing Page] Processing page 82 / 751 (https://www.ivivu.com/blog/category/top-diem-den/page/82/)
  [info] Found 0 new articles to crawl (out of 48 total links on page 82)

[Listing Page] Processing page 83 / 751 (https://www.ivivu.com/blog/category/top-diem-den/page/83/)
  [info] Found 0 new articles to crawl (out of 48 total links on page 83)

[Listing Page] Processing page 84 / 751 (https://www.ivivu.com/blog/category/top-diem-den/page/84/)
  [info] Found 0 new articles to crawl (out of 48 total links on page 84)

[Listing Page] Processing page 85 / 751 (https://www.ivivu.com/blog/category/top-diem-den/page/85/)
  [info] Found 0 new articles to crawl (out of 48 total links on page 85)

[Listing Page] Processing page 86 / 751 (https://www.ivivu.com/blog/category/top-diem-den/page/86/)
  [info] Found 0 new articles to crawl (out of 48 total links on page 86)

[Listing Page] Processing page 87 / 751 (https://www.ivivu.com/blog/category/top-diem-den/page/87/)
  [info] Found 0 new articles to crawl (out of 48 total links on page 87)

[Listing Page] Processing page 88 / 751 (https://www.ivivu.com/blog/category/top-diem-den/page/88/)
  [info] Found 0 new articles to crawl (out of 48 total links on page 88)

[Listing Page] Processing page 89 / 751 (https://www.ivivu.com/blog/category/top-diem-den/page/89/)
  [info] Found 0 new articles to crawl (out of 48 total links on page 89)

[Listing Page] Processing page 90 / 751 (https://www.ivivu.com/blog/category/top-diem-den/page/90/)
  [info] Found 0 new articles to crawl (out of 48 total links on page 90)

[Listing Page] Processing page 91 / 751 (https://www.ivivu.com/blog/category/top-diem-den/page/91/)
  [info] Found 0 new articles to crawl (out of 48 total links on page 91)

[Listing Page] Processing page 92 / 751 (https://www.ivivu.com/blog/category/top-diem-den/page/92/)
  [info] Found 0 new articles to crawl (out of 48 total links on page 92)

[Listing Page] Processing page 93 / 751 (https://www.ivivu.com/blog/category/top-diem-den/page/93/)
  [info] Found 0 new articles to crawl (out of 48 total links on page 93)

[Listing Page] Processing page 94 / 751 (https://www.ivivu.com/blog/category/top-diem-den/page/94/)
  [info] Found 0 new articles to crawl (out of 48 total links on page 94)

[Listing Page] Processing page 95 / 751 (https://www.ivivu.com/blog/category/top-diem-den/page/95/)
  [info] Found 0 new articles to crawl (out of 48 total links on page 95)

[Listing Page] Processing page 96 / 751 (https://www.ivivu.com/blog/category/top-diem-den/page/96/)
  [info] Found 0 new articles to crawl (out of 48 total links on page 96)

[Listing Page] Processing page 97 / 751 (https://www.ivivu.com/blog/category/top-diem-den/page/97/)
  [info] Found 0 new articles to crawl (out of 48 total links on page 97)

[Listing Page] Processing page 98 / 751 (https://www.ivivu.com/blog/category/top-diem-den/page/98/)
  [info] Found 0 new articles to crawl (out of 48 total links on page 98)

[Listing Page] Processing page 99 / 751 (https://www.ivivu.com/blog/category/top-diem-den/page/99/)
  [info] Found 0 new articles to crawl (out of 48 total links on page 99)

[Listing Page] Processing page 100 / 751 (https://www.ivivu.com/blog/category/top-diem-den/page/100/)
  [info] Found 0 new articles to crawl (out of 48 total links on page 100)

[Listing Page] Processing page 101 / 751 (https://www.ivivu.com/blog/category/top-diem-den/page/101/)
  [info] Found 0 new articles to crawl (out of 48 total links on page 101)

[Listing Page] Processing page 102 / 751 (https://www.ivivu.com/blog/category/top-diem-den/page/102/)
  [info] Found 0 new articles to crawl (out of 48 total links on page 102)

[Listing Page] Processing page 103 / 751 (https://www.ivivu.com/blog/category/top-diem-den/page/103/)
  [info] Found 0 new articles to crawl (out of 48 total links on page 103)

[Listing Page] Processing page 104 / 751 (https://www.ivivu.com/blog/category/top-diem-den/page/104/)
  [info] Found 0 new articles to crawl (out of 48 total links on page 104)

[Listing Page] Processing page 105 / 751 (https://www.ivivu.com/blog/category/top-diem-den/page/105/)
  [info] Found 0 new articles to crawl (out of 48 total links on page 105)

[Listing Page] Processing page 106 / 751 (https://www.ivivu.com/blog/category/top-diem-den/page/106/)
  [info] Found 0 new articles to crawl (out of 48 total links on page 106)

[Listing Page] Processing page 107 / 751 (https://www.ivivu.com/blog/category/top-diem-den/page/107/)
  [info] Found 0 new articles to crawl (out of 48 total links on page 107)

[Listing Page] Processing page 108 / 751 (https://www.ivivu.com/blog/category/top-diem-den/page/108/)
  [info] Found 0 new articles to crawl (out of 48 total links on page 108)

[Listing Page] Processing page 109 / 751 (https://www.ivivu.com/blog/category/top-diem-den/page/109/)
  [info] Found 0 new articles to crawl (out of 48 total links on page 109)

[Listing Page] Processing page 110 / 751 (https://www.ivivu.com/blog/category/top-diem-den/page/110/)
  [info] Found 0 new articles to crawl (out of 48 total links on page 110)

[Listing Page] Processing page 111 / 751 (https://www.ivivu.com/blog/category/top-diem-den/page/111/)
  [info] Found 0 new articles to crawl (out of 48 total links on page 111)

[Listing Page] Processing page 112 / 751 (https://www.ivivu.com/blog/category/top-diem-den/page/112/)
  [info] Found 0 new articles to crawl (out of 48 total links on page 112)

[Listing Page] Processing page 113 / 751 (https://www.ivivu.com/blog/category/top-diem-den/page/113/)
  [info] Found 0 new articles to crawl (out of 48 total links on page 113)

[Listing Page] Processing page 114 / 751 (https://www.ivivu.com/blog/category/top-diem-den/page/114/)
  [info] Found 0 new articles to crawl (out of 48 total links on page 114)

[Listing Page] Processing page 115 / 751 (https://www.ivivu.com/blog/category/top-diem-den/page/115/)
  [info] Found 0 new articles to crawl (out of 48 total links on page 115)

[Listing Page] Processing page 116 / 751 (https://www.ivivu.com/blog/category/top-diem-den/page/116/)
  [info] Found 0 new articles to crawl (out of 48 total links on page 116)

[Listing Page] Processing page 117 / 751 (https://www.ivivu.com/blog/category/top-diem-den/page/117/)
  [info] Found 0 new articles to crawl (out of 48 total links on page 117)

[Listing Page] Processing page 118 / 751 (https://www.ivivu.com/blog/category/top-diem-den/page/118/)
  [info] Found 0 new articles to crawl (out of 48 total links on page 118)

[Listing Page] Processing page 119 / 751 (https://www.ivivu.com/blog/category/top-diem-den/page/119/)
  [info] Found 0 new articles to crawl (out of 48 total links on page 119)

[Listing Page] Processing page 120 / 751 (https://www.ivivu.com/blog/category/top-diem-den/page/120/)
  [info] Found 0 new articles to crawl (out of 48 total links on page 120)

[Listing Page] Processing page 121 / 751 (https://www.ivivu.com/blog/category/top-diem-den/page/121/)
  [info] Found 0 new articles to crawl (out of 48 total links on page 121)

[Listing Page] Processing page 122 / 751 (https://www.ivivu.com/blog/category/top-diem-den/page/122/)
  [info] Found 3 new articles to crawl (out of 48 total links on page 122)
  [+] Crawling article 1: https://www.ivivu.com/blog/2023/12/trai-nghiem-khong-gian-am-cung-va-tien-nghi-tai-new-siam-palace-ville-bangkok/ ...
    [ok] Crawled successfully: 'Trải nghiệm không gian ấm cúng và tiện nghi tại New Siam Palace Ville Bangkok - iVIVU.com' (images: 14, keypoints: 2)
  [+] Crawling article 2: https://www.ivivu.com/blog/2023/12/den-son-la-chinh-phuc-dinh-sa-mu-u-bo-hung-vi/ ...
    [ok] Crawled successfully: 'Đến Sơn La chinh phục đỉnh Sa Mu - U Bò hùng vĩ - iVIVU.com' (images: 19, keypoints: 2)
  [+] Crawling article 3: https://www.ivivu.com/blog/2023/12/tha-minh-giua-thien-nhien-trong-lanh-tai-panviman-chiang-mai-spa-resort/ ...
    [ok] Crawled successfully: 'Thả mình giữa thiên nhiên trong lành tại Panviman Chiang Mai Spa Resort - iVIVU.com' (images: 19, keypoints: 2)

[Listing Page] Processing page 123 / 751 (https://www.ivivu.com/blog/category/top-diem-den/page/123/)
  [info] Found 20 new articles to crawl (out of 48 total links on page 123)
  [+] Crawling article 4: https://www.ivivu.com/blog/2023/12/5-chuyen-tau-tuyet-trang-noi-tieng-the-gioi/ ...
    [ok] Crawled successfully: '5 chuyến tàu tuyết trắng nổi tiếng thế giới - iVIVU.com' (images: 12, keypoints: 2)
  [+] Crawling article 5: https://www.ivivu.com/blog/2023/12/hanh-trinh-3n2d-kham-pha-phuket-hon-dao-xinh-dep-lon-nhat-thai-lan/ ...
    [ok] Crawled successfully: 'Hành trình 3N2Đ khám phá Phuket – hòn đảo xinh đẹp lớn nhất Thái Lan - iVIVU.com' (images: 23, keypoints: 2)
  [+] Crawling article 6: https://www.ivivu.com/blog/2023/12/doc-dao-voi-tet-co-truyen-cua-nguoi-mong-tai-hang-kia-pa-co/ ...
    [warn] Failed to download image https://imagev3.vietnamplus.vn/h500/Uploaded/2023/ifysv/2015_01_22/TTXVN_c9_1.jpg.webp: HTTPSConnectionPool(host='imagev3.vietnamplus.vn', port=443): Max retries exceeded with url: /h500/Uploaded/2023/ifysv/2015_01_22/TTXVN_c9_1.jpg.webp (Caused by SSLError(SSLCertVerificationError(1, "[SSL: CERTIFICATE_VERIFY_FAILED] certificate verify failed: Hostname mismatch, certificate is not valid for 'imagev3.vietnamplus.vn'. (_ssl.c:1000)")))
    [ok] Crawled successfully: 'Độc đáo với Tết cổ truyền của người Mông tại Hang Kia – Pà Cò - iVIVU.com' (images: 17, keypoints: 2)
  [+] Crawling article 7: https://www.ivivu.com/blog/2023/12/ky-niem-sinh-nhat-100-tuoi-cua-chu-cho-hachiko-trung-thanh/ ...
    [ok] Crawled successfully: 'Kỷ niệm sinh nhật 100 tuổi của chú chó Hachiko trung thành - iVIVU.com' (images: 6, keypoints: 2)
  [+] Crawling article 8: https://www.ivivu.com/blog/2023/12/thai-country-club-vui-choi-thoa-thich-tai-san-golf-danh-gia-cua-thai-lan/ ...
    [ok] Crawled successfully: 'Thai Country Club – vui chơi thỏa thích tại sân golf danh giá của Thái Lan - iVIVU.com' (images: 15, keypoints: 2)
  [+] Crawling article 9: https://www.ivivu.com/blog/2023/12/deal-tot-gia-hoi-cho-ky-nghi-cuoi-nam-tai-nha-trang-marriott-resort-spa-hon-tre-island/ ...
    [ok] Crawled successfully: 'Deal tốt giá hời cho kỳ nghỉ cuối năm tại Nha Trang Marriott Resort & Spa, Hòn Tre Island - iVIVU.com' (images: 19, keypoints: 2)
  [+] Crawling article 10: https://www.ivivu.com/blog/2023/12/du-khach-do-xo-den-hang-pirunkirkko-de-noi-chuyen-voi-quy-du/ ...
    [ok] Crawled successfully: 'Du khách đổ xô đến hang Pirunkirkko để 'nói chuyện với quỷ dữ' - iVIVU.com' (images: 8, keypoints: 2)
  [+] Crawling article 11: https://www.ivivu.com/blog/2023/12/nhung-quoc-gia-kho-xin-visa-nhat-the-gioi/ ...
    [ok] Crawled successfully: 'Những quốc gia khó xin visa nhất thế giới - iVIVU.com' (images: 10, keypoints: 2)
  [+] Crawling article 12: https://www.ivivu.com/blog/2023/12/ky-nghi-an-tuong-giua-thu-do-anh-sang-tai-canopy-by-hilton-paris-trocadero/ ...
    [ok] Crawled successfully: 'Kỳ nghỉ ấn tượng giữa “thủ đô ánh sáng” tại Canopy by Hilton Paris Trocadero - iVIVU.com' (images: 18, keypoints: 2)
  [+] Crawling article 13: https://www.ivivu.com/blog/2023/12/top-6-khach-san-resort-phan-thiet-gia-duoi-2-trieudem-cho-ky-nghi-tet-duong-2024-dang-nho/ ...
    [ok] Crawled successfully: 'Top 6 khách sạn - resort Phan Thiết giá dưới 2 triệu/đêm cho kỳ nghỉ Tết Dương 2024 đáng nhớ - iVIVU.com' (images: 42, keypoints: 2)
  [+] Crawling article 14: https://www.ivivu.com/blog/2023/12/kham-pha-van-hoa-lanna-giua-khu-vuon-rong-lon-tai-horizon-village-resort-chiang-mai/ ...
    [ok] Crawled successfully: 'Khám phá văn hóa Lanna giữa khu vườn rộng lớn tại Horizon Village & Resort Chiang Mai - iVIVU.com' (images: 24, keypoints: 2)
  [+] Crawling article 15: https://www.ivivu.com/blog/2023/12/bay-den-trung-quoc-ngam-tuyet-roi-voi-uu-dai-cuc-xin-tu-china-southern-airlines/ ...
    [ok] Crawled successfully: 'Bay đến Trung Quốc, ngắm tuyết rơi với ưu đãi cực xịn từ China Southern Airlines - iVIVU.com' (images: 11, keypoints: 2)
  [+] Crawling article 16: https://www.ivivu.com/blog/2023/12/bi-mat-ve-gia-tien-cua-nhung-can-phong-ban-cong-tren-spectrum-of-the-seas/ ...
    [ok] Crawled successfully: 'Bí mật về giá tiền của những căn phòng ban công trên Spectrum of the Seas - iVIVU.com' (images: 15, keypoints: 3)
  [+] Crawling article 17: https://www.ivivu.com/blog/2023/12/thuong-thuc-huong-vi-doc-dao-cua-pho-vit-quay-xu-lang/ ...
    [ok] Crawled successfully: 'Thưởng thức hương vị độc đáo của phở vịt quay xứ Lạng - iVIVU.com' (images: 12, keypoints: 2)
  [+] Crawling article 18: https://www.ivivu.com/blog/2023/12/top-4-khach-san-resort-phan-thiet-cao-cap-cho-tet-duong-2024-co-gia-duoi-2-trieu-dongdem/ ...
    [ok] Crawled successfully: 'Top 4 khách sạn - resort Phan Thiết cao cấp cho Tết Dương 2024 có giá dưới 2 triệu đồng/đêm - iVIVU.com' (images: 35, keypoints: 2)
  [+] Crawling article 19: https://www.ivivu.com/blog/2023/12/sai-gon-ban-phao-hoa-mung-tet-duong-lich-2024/ ...
    [ok] Crawled successfully: 'Sài Gòn bắn pháo hoa mừng Tết Dương lịch 2024 - iVIVU.com' (images: 5, keypoints: 2)
  [+] Crawling article 20: https://www.ivivu.com/blog/2023/12/tour-tham-hiem-cao-bang-3n2d-chinh-phuc-ho-sut-canh-cao-day-thu-thach/ ...
    [ok] Crawled successfully: 'Tour thám hiểm Cao Bằng 3N2Đ: chinh phục hố sụt Canh Cảo đầy thử thách - iVIVU.com' (images: 12, keypoints: 2)
  [+] Crawling article 21: https://www.ivivu.com/blog/2023/12/tamarind-village-chiang-mai-tan-huong-ky-nghi-trong-khong-gian-nghe-thuat-day-phong-cach/ ...
    [ok] Crawled successfully: 'Tamarind Village Chiang Mai – tận hưởng kỳ nghỉ trong không gian nghệ thuật đầy phong cách - iVIVU.com' (images: 22, keypoints: 2)
  [+] Crawling article 22: https://www.ivivu.com/blog/2023/12/san-ngay-4-combo-nghi-duong-thuoc-he-thong-vinpearl-phu-quoc-co-uu-dai-hap-dan/ ...
    [ok] Crawled successfully: 'Săn ngay 4 combo nghỉ dưỡng thuộc hệ thống Vinpearl Phú Quốc có ưu đãi hấp dẫn - iVIVU.com' (images: 30, keypoints: 2)
  [+] Crawling article 23: https://www.ivivu.com/blog/2023/12/top-5-combo-phu-quoc-co-gia-sieu-uu-dai-cho-ky-nghi-tet-sum-vay/ ...
    [ok] Crawled successfully: 'Top 5 combo Phú Quốc có giá siêu ưu đãi cho kỳ nghỉ Tết sum vầy - iVIVU.com' (images: 29, keypoints: 2)

[Listing Page] Processing page 124 / 751 (https://www.ivivu.com/blog/category/top-diem-den/page/124/)
  [info] Found 20 new articles to crawl (out of 48 total links on page 124)
  [+] Crawling article 24: https://www.ivivu.com/blog/2023/12/tour-chinh-phuc-lang-son-2n2d-kham-pha-non-xanh-xu-lang-voi-nhieu-dieu-thu-vi/ ...
    [ok] Crawled successfully: 'Tour chinh phục Lạng Sơn 2N2Đ: khám phá non xanh xứ Lạng với nhiều điều thú vị - iVIVU.com' (images: 13, keypoints: 2)
  [+] Crawling article 25: https://www.ivivu.com/blog/2023/12/tour-tet-han-quoc-5n4d-trai-nghiem-truot-tuyet-va-hanh-trinh-kham-pha-an-tuong/ ...
    [ok] Crawled successfully: 'Tour Tết Hàn Quốc 5N4Đ: trải nghiệm trượt tuyết và hành trình khám phá ấn tượng - iVIVU.com' (images: 20, keypoints: 2)
  [+] Crawling article 26: https://www.ivivu.com/blog/2023/12/ky-nghi-don-nam-moi-ruc-ro-tai-ville-de-mont-mountain-sapa/ ...
    [ok] Crawled successfully: 'Kỳ nghỉ đón năm mới rực rỡ tại Ville De Mont Mountain Sapa - iVIVU.com' (images: 22, keypoints: 2)
  [+] Crawling article 27: https://www.ivivu.com/blog/2023/12/tan-huong-mua-le-hoi-cuoi-nam-tron-ven-tai-khu-nghi-duong-sapa-jade-hill/ ...
    [ok] Crawled successfully: 'Tận hưởng mùa lễ hội cuối năm trọn vẹn tại khu nghỉ dưỡng Sapa Jade Hill - iVIVU.com' (images: 22, keypoints: 2)
  [+] Crawling article 28: https://www.ivivu.com/blog/2023/12/l7-west-lake-ha-noi-by-lotte-khach-san-5-sao-sang-trong-ben-canh-ho-tay/ ...
    [ok] Crawled successfully: 'L7 West Lake Hà Nội by Lotte – khách sạn 5 sao sang trọng bên cạnh hồ Tây - iVIVU.com' (images: 17, keypoints: 2)
  [+] Crawling article 29: https://www.ivivu.com/blog/2023/12/thai-lan-tinh-keo-dai-tet-te-nuoc-songkran-len-mot-thang/ ...
    [ok] Crawled successfully: 'Thái Lan tính kéo dài Tết té nước Songkran lên một tháng - iVIVU.com' (images: 5, keypoints: 2)
  [+] Crawling article 30: https://www.ivivu.com/blog/2023/12/len-lich-di-can-tho-tham-gia-le-hoi-tha-den-hoa-dang-2023-sap-dien-ra/ ...
    [ok] Crawled successfully: 'Lên lịch đi Cần Thơ tham gia lễ hội thả đèn hoa đăng 2023 sắp diễn ra - iVIVU.com' (images: 5, keypoints: 2)
  [+] Crawling article 31: https://www.ivivu.com/blog/2023/12/the-royal-golf-country-club-trai-nghiem-choi-golf-dinh-cao-tai-thu-do-bangkok/ ...
    [ok] Crawled successfully: 'The Royal Golf & Country Club – trải nghiệm chơi golf đỉnh cao tại thủ đô Bangkok - iVIVU.com' (images: 14, keypoints: 2)
  [+] Crawling article 32: https://www.ivivu.com/blog/2023/12/the-bus-collective-khach-san-cao-cap-cai-tao-tu-xe-buyt-cu/ ...
    [ok] Crawled successfully: 'The Bus Collective - khách sạn cao cấp cải tạo từ xe buýt cũ - iVIVU.com' (images: 6, keypoints: 2)
  [+] Crawling article 33: https://www.ivivu.com/blog/2023/12/cam-nhan-ro-net-van-hoa-mien-bac-thai-tai-raya-heritage-chiang-mai/ ...
    [ok] Crawled successfully: 'Cảm nhận rõ nét văn hóa miền Bắc Thái tại Raya Heritage Chiang Mai - iVIVU.com' (images: 18, keypoints: 2)
  [+] Crawling article 34: https://www.ivivu.com/blog/2023/12/hanh-trinh-don-nam-moi-day-an-tuong-cung-tour-malaysia-singapore-5n4d/ ...
    [ok] Crawled successfully: 'Hành trình đón năm mới đầy ấn tượng cùng tour Malaysia - Singapore 5N4Đ - iVIVU.com' (images: 35, keypoints: 2)
  [+] Crawling article 35: https://www.ivivu.com/blog/2023/12/alpine-golf-sports-club-trai-nghiem-mot-trong-nhung-san-golf-quoc-te-tot-nhat-tai-thai-lan/ ...
    [ok] Crawled successfully: 'Alpine Golf & Sports Club – trải nghiệm một trong những sân golf quốc tế tốt nhất tại Thái Lan - iVIVU.com' (images: 16, keypoints: 2)
  [+] Crawling article 36: https://www.ivivu.com/blog/2023/12/ha-noi-vao-top-100-thanh-pho-tot-nhat-the-gioi-2024/ ...
    [ok] Crawled successfully: 'Hà Nội vào top 100 thành phố tốt nhất thế giới 2024 - iVIVU.com' (images: 5, keypoints: 2)
  [+] Crawling article 37: https://www.ivivu.com/blog/2023/12/top-4-tour-golf-thai-lan-du-lich-ket-hop-choi-golf-dang-cap-tai-xu-so-chua-vang/ ...
    [ok] Crawled successfully: 'Top 4 tour golf Thái Lan - du lịch kết hợp chơi golf đẳng cấp tại xứ sở Chùa Vàng - iVIVU.com' (images: 22, keypoints: 2)
  [+] Crawling article 38: https://www.ivivu.com/blog/2023/12/trien-lam-van-gogh-nghe-thuat-tuong-tac-da-giac-quan-sap-dien-ra-tai-viet-nam/ ...
    [ok] Crawled successfully: 'Triển lãm Van Gogh - nghệ thuật tương tác đa giác quan đang diễn ra tại Việt Nam - iVIVU.com' (images: 7, keypoints: 2)
  [+] Crawling article 39: https://www.ivivu.com/blog/2023/12/ghe-tham-cho-vi-thanh-cho-chom-hom-dep-nhat-viet-nam/ ...
    [ok] Crawled successfully: 'Ghé thăm chợ Vị Thanh – chợ 'chồm hổm' đẹp nhất Việt Nam - iVIVU.com' (images: 5, keypoints: 2)
  [+] Crawling article 40: https://www.ivivu.com/blog/2023/12/du-lich-tet-xuyen-a-sieu-thu-vi-voi-tour-malaysia-singapore-5n4d/ ...
    [warn] Failed to download image https://cdn.yeudulich.com/940x630/media/attraction/attraction/SGPSIN02.jpg: HTTPSConnectionPool(host='cdn.yeudulich.com', port=443): Max retries exceeded with url: /940x630/media/attraction/attraction/SGPSIN02.jpg (Caused by NameResolutionError("HTTPSConnection(host='cdn.yeudulich.com', port=443): Failed to resolve 'cdn.yeudulich.com' ([Errno 11002] getaddrinfo failed)"))
    [ok] Crawled successfully: 'Du lịch Tết xuyên Á siêu thú vị với tour Malaysia – Singapore 5N4Đ - iVIVU.com' (images: 28, keypoints: 2)
  [+] Crawling article 41: https://www.ivivu.com/blog/2023/12/don-nam-moi-2024-ruc-ro-sac-mau-cung-tour-hong-kong-4n3d/ ...
    [ok] Crawled successfully: 'Đón năm mới 2024 rực rỡ sắc màu cùng tour Hong Kong 4N3Đ - iVIVU.com' (images: 34, keypoints: 2)
  [+] Crawling article 42: https://www.ivivu.com/blog/2023/12/hue-vao-danh-sach-diem-den-chau-a-nen-ghe-tham-nam-2024/ ...
    [ok] Crawled successfully: 'Huế vào danh sách điểm đến châu Á nên ghé thăm năm 2024 - iVIVU.com' (images: 6, keypoints: 2)
  [+] Crawling article 43: https://www.ivivu.com/blog/2023/12/ky-nghi-thu-gian-giua-oc-dao-xanh-mat-best-western-premier-sonasea-phu-quoc/ ...
    [ok] Crawled successfully: 'Kỳ nghỉ thư giãn giữa "ốc đảo" xanh mát Best Western Premier Sonasea Phú Quốc - iVIVU.com' (images: 25, keypoints: 2)

[Listing Page] Processing page 125 / 751 (https://www.ivivu.com/blog/category/top-diem-den/page/125/)
  [info] Found 20 new articles to crawl (out of 48 total links on page 125)
  [+] Crawling article 44: https://www.ivivu.com/blog/2023/12/phong-cach-nghi-duong-thoi-thuong-tai-seashells-phu-quoc-hotel-spa/ ...
    [ok] Crawled successfully: 'Phong cách nghỉ dưỡng thời thượng tại Seashells Phú Quốc Hotel & Spa - iVIVU.com' (images: 20, keypoints: 2)
  [+] Crawling article 45: https://www.ivivu.com/blog/2023/12/hanh-trinh-5n4d-kham-pha-bhutan-vuong-quoc-hanh-phuc/ ...
    [ok] Crawled successfully: 'Hành trình 5N4Đ khám phá Bhutan – “vương quốc hạnh phúc” - iVIVU.com' (images: 20, keypoints: 2)
  [+] Crawling article 46: https://www.ivivu.com/blog/2023/12/ky-nghi-lang-man-tai-thien-duong-nhiet-doi-sol-by-melia-phu-quoc/ ...
    [ok] Crawled successfully: 'Kỳ nghỉ lãng mạn tại thiên đường nhiệt đới SOL by Meliá Phú Quốc - iVIVU.com' (images: 22, keypoints: 2)
  [+] Crawling article 47: https://www.ivivu.com/blog/2023/12/fx-metrolink-makkasan-bangkok-noi-luu-tru-ly-tuong-voi-nhieu-tien-nghi-ngay-trung-tam-thanh-pho/ ...
    [ok] Crawled successfully: 'FX Metrolink Makkasan Bangkok – nơi lưu trú lý tưởng và tiện nghi ở trung tâm thành phố - iVIVU.com' (images: 12, keypoints: 2)
  [+] Crawling article 48: https://www.ivivu.com/blog/2023/12/quan-dao-an-thoi-thien-duong-bien-quyen-ru-kho-bo-lo-khi-den-phu-quoc/ ...
    [ok] Crawled successfully: 'Quần đảo An Thới – thiên đường biển quyến rũ khó bỏ lỡ khi đến Phú Quốc - iVIVU.com' (images: 14, keypoints: 2)
  [+] Crawling article 49: https://www.ivivu.com/blog/2023/12/top-11-trai-nghiem-phai-thu-khi-du-lich-phu-quoc-mua-kho/ ...
    [ok] Crawled successfully: 'Top 11 trải nghiệm phải thử khi du lịch Phú Quốc mùa khô - iVIVU.com' (images: 25, keypoints: 2)
  [+] Crawling article 50: https://www.ivivu.com/blog/2023/12/hoa-cung-sac-mau-van-hoa-mien-bac-thai-tai-lotus-pang-suan-kaew-chiang-mai/ ...
    [ok] Crawled successfully: 'Hòa cùng sắc màu văn hóa miền Bắc Thái tại Lotus Pang Suan Kaew Chiang Mai - iVIVU.com' (images: 14, keypoints: 2)
  [+] Crawling article 51: https://www.ivivu.com/blog/2023/12/ky-la-truyen-thong-de-bo-giam-len-nguoi-de-lay-may-o-an-do/ ...
    [ok] Crawled successfully: 'Kỳ lạ truyền thống để bò giẫm lên người để lấy may ở Ấn Độ - iVIVU.com' (images: 3, keypoints: 2)
  [+] Crawling article 52: https://www.ivivu.com/blog/2023/12/hoa-minh-vao-thien-duong-nghi-duong-da-nang-marriott-resort-spa-non-nuoc-beach-villas/ ...
    [ok] Crawled successfully: 'Hòa mình vào thiên đường nghỉ dưỡng Đà Nẵng Marriott Resort & Spa, Non Nước Beach Villas - iVIVU.com' (images: 23, keypoints: 2)
  [+] Crawling article 53: https://www.ivivu.com/blog/2023/12/trai-nghiem-choi-golf-hoan-toan-thu-thai-tai-loch-palm-golf-club-phuket-thai-lan/ ...
    [ok] Crawled successfully: 'Trải nghiệm chơi golf hoàn toàn thư thái tại Loch Palm Golf Club Phuket, Thái Lan - iVIVU.com' (images: 15, keypoints: 2)
  [+] Crawling article 54: https://www.ivivu.com/blog/2023/12/say-dam-trong-khong-gian-ruong-bac-thang-hoang-su-phi-tai-panhou-retreat-ha-giang/ ...
    [ok] Crawled successfully: 'Say đắm trong không gian ruộng bậc thang Hoàng Su Phì tại Panhou Retreat Hà Giang - iVIVU.com' (images: 20, keypoints: 2)
  [+] Crawling article 55: https://www.ivivu.com/blog/2023/12/nghi-duong-soi-dong-giua-trung-tam-thanh-pho-voi-khach-san-u-nimman-chiang-mai/ ...
    [ok] Crawled successfully: 'Nghỉ dưỡng sôi động giữa trung tâm thành phố với khách sạn U Nimman Chiang Mai - iVIVU.com' (images: 16, keypoints: 2)
  [+] Crawling article 56: https://www.ivivu.com/blog/2023/12/du-lich-vung-tau-trai-nghiem-xe-bus-mui-tran-phuc-vu-du-khach/ ...
    [ok] Crawled successfully: 'Du lịch Vũng Tàu: trải nghiệm xe bus mui trần phục vụ du khách - iVIVU.com' (images: 5, keypoints: 2)
  [+] Crawling article 57: https://www.ivivu.com/blog/2023/12/den-mau-dong-dang-thieng-lieng-tin-nguong-tho-mau-o-lang-son/ ...
    [ok] Crawled successfully: 'Đền Mẫu Đồng Đăng – thiêng liêng tín ngưỡng thờ Mẫu ở Lạng Sơn - iVIVU.com' (images: 11, keypoints: 2)
  [+] Crawling article 58: https://www.ivivu.com/blog/2023/12/den-phu-quoc-check-in-dau-truong-la-ma-ngay-tai-ga-an-thoi/ ...
    [ok] Crawled successfully: 'Đến Phú Quốc, check in “đấu trường La Mã” ngay tại ga An Thới - iVIVU.com' (images: 14, keypoints: 2)
  [+] Crawling article 59: https://www.ivivu.com/blog/2023/11/ky-nghi-trong-mo-5n4d-tai-phu-quoc-voi-nhung-trai-nghiem-khong-the-quen/ ...
    [ok] Crawled successfully: 'Kỳ nghỉ trong mơ 5N4Đ tại Phú Quốc với những trải nghiệm không thể quên - iVIVU.com' (images: 46, keypoints: 2)
  [+] Crawling article 60: https://www.ivivu.com/blog/2023/11/hoi-an-cam-hat-karaoke-o-rung-dua-bay-mau/ ...
    [ok] Crawled successfully: 'Hội An cấm hát karaoke ở rừng dừa Bảy Mẫu - iVIVU.com' (images: 4, keypoints: 2)
  [+] Crawling article 61: https://www.ivivu.com/blog/2023/11/hong-kong-mo-world-of-frozen-cong-vien-chu-de-phim-frozen-dau-tien-tren-the-gioi/ ...
    [ok] Crawled successfully: 'Hong Kong mở "World of Frozen" - công viên chủ đề phim 'Frozen' đầu tiên trên thế giới - iVIVU.com' (images: 5, keypoints: 2)
  [+] Crawling article 62: https://www.ivivu.com/blog/2023/11/dam-minh-trong-ky-nghi-thang-hoa-tron-ven-tai-veranda-high-chiang-mai-mgallery/ ...
    [ok] Crawled successfully: 'Đắm mình trong kỳ nghỉ thăng hoa trọn vẹn tại Veranda High Chiang Mai – MGallery - iVIVU.com' (images: 23, keypoints: 2)
  [+] Crawling article 63: https://www.ivivu.com/blog/2023/11/wintree-city-chiang-mai-nghi-duong-tien-nghi-giua-trung-tam-van-hoa-lanna-mau-sac/ ...
    [ok] Crawled successfully: 'Wintree City Chiang Mai – nghỉ dưỡng tiện nghi giữa trung tâm văn hóa Lanna màu sắc - iVIVU.com' (images: 17, keypoints: 2)

[Listing Page] Processing page 126 / 751 (https://www.ivivu.com/blog/category/top-diem-den/page/126/)
  [info] Found 20 new articles to crawl (out of 48 total links on page 126)
  [+] Crawling article 64: https://www.ivivu.com/blog/2023/11/kham-pha-cuc-tay-to-quoc-tuoi-dep-tai-nga-ba-bien-gioi-a-pa-chai/ ...
    [ok] Crawled successfully: 'Khám phá cực Tây tổ quốc tươi đẹp tại ngã ba biên giới A Pa Chải - iVIVU.com' (images: 13, keypoints: 2)
  [+] Crawling article 65: https://www.ivivu.com/blog/2023/11/du-lich-chiang-mai-check-in-top-8-diem-den-thu-hut-moi-tam-hon-xe-dich/ ...
    [ok] Crawled successfully: 'Du lịch Chiang Mai check-in top 8 điểm đến thu hút mọi tâm hồn xê dịch - iVIVU.com' (images: 26, keypoints: 2)
  [+] Crawling article 66: https://www.ivivu.com/blog/2023/11/don-cho-dai-tiec-nghe-thuat-hue-by-light-the-live-show-dien-ra-vao-thang-122023/ ...
    [ok] Crawled successfully: 'Đón chờ đại tiệc nghệ thuật "Huế By Light - The Live Show" diễn ra vào tháng 12/2023 - iVIVU.com' (images: 4, keypoints: 2)
  [+] Crawling article 67: https://www.ivivu.com/blog/2023/11/hang-tau-lang-nguyen-thuy-dep-yen-binh-o-moc-chau-son-la/ ...
    [ok] Crawled successfully: 'Hang Táu – “làng nguyên thủy” đẹp yên bình ở Mộc Châu, Sơn La - iVIVU.com' (images: 13, keypoints: 2)
  [+] Crawling article 68: https://www.ivivu.com/blog/2023/11/tan-huong-thien-duong-rieng-tu-tinh-lang-tai-the-pavilions-phuket/ ...
    [ok] Crawled successfully: 'Tận hưởng thiên đường riêng tư tĩnh lặng tại The Pavilions Phuket - iVIVU.com' (images: 19, keypoints: 2)
  [+] Crawling article 69: https://www.ivivu.com/blog/2023/11/lich-trinh-kham-pha-da-nang-hoi-an-4n3d-trai-nghiem-dinh-cao-voi-nhung-hoat-dong-thu-vi/ ...
    [ok] Crawled successfully: 'Lịch trình Đà Nẵng - Hội An 4N3Đ: trải nghiệm những hoạt động giải trí đỉnh cao - iVIVU.com' (images: 31, keypoints: 2)
  [+] Crawling article 70: https://www.ivivu.com/blog/2023/11/vuon-quoc-gia-phu-quoc-diem-trekking-an-tuong-vao-mua-kho-o-dao-ngoc/ ...
    [ok] Crawled successfully: 'Vườn quốc gia Phú Quốc – điểm trekking ấn tượng vào mùa khô ở đảo ngọc - iVIVU.com' (images: 16, keypoints: 2)
  [+] Crawling article 71: https://www.ivivu.com/blog/2023/11/hoa-minh-vao-khong-gian-song-dong-cua-thai-lan-tai-club-med-phuket/ ...
    [ok] Crawled successfully: 'Hòa mình vào không gian sống động của Thái Lan tại Club Med Phuket - iVIVU.com' (images: 16, keypoints: 2)
  [+] Crawling article 72: https://www.ivivu.com/blog/2023/11/thung-lung-bac-son-chiem-nguong-nhung-mang-mau-an-tuong-noi-xu-lang-thanh-binh/ ...
    [ok] Crawled successfully: 'Thung lũng Bắc Sơn - chiêm ngưỡng những mảng màu ấn tượng nơi xứ Lạng thanh bình - iVIVU.com' (images: 12, keypoints: 2)
  [+] Crawling article 73: https://www.ivivu.com/blog/2023/11/du-lich-thai-lan-top-10-bai-bien-dep-nhat-ban-khong-the-bo-lo/ ...
    [ok] Crawled successfully: 'Du lịch Thái Lan: top 10 bãi biển đẹp nhất bạn không thể bỏ lỡ - iVIVU.com' (images: 18, keypoints: 2)
  [+] Crawling article 74: https://www.ivivu.com/blog/2023/11/lac-vao-khong-gian-dep-huyen-dieu-tai-vuon-quoc-gia-cuu-trai-cau/ ...
    [ok] Crawled successfully: 'Lạc vào không gian đẹp huyền diệu tại vườn quốc gia Cửu Trại Câu - iVIVU.com' (images: 16, keypoints: 2)
  [+] Crawling article 75: https://www.ivivu.com/blog/2023/11/andaman-embrace-resort-spa-nghi-duong-ben-bai-bien-noi-tieng-nhat-o-phuket/ ...
    [ok] Crawled successfully: 'Andaman Embrace Resort & Spa – nghỉ dưỡng bên bãi biển nổi tiếng nhất ở Phuket - iVIVU.com' (images: 24, keypoints: 2)
  [+] Crawling article 76: https://www.ivivu.com/blog/2023/11/don-chao-ngay-hoi-funtastic-days-tai-melia-ba-vi-mountain-retreat-voi-nhieu-hoat-dong-doc-dao/ ...
    [ok] Crawled successfully: 'Đón chào ngày hội Funtastic Days tại Melia Ba Vì Mountain Retreat với nhiều hoạt động độc đáo - iVIVU.com' (images: 20, keypoints: 2)
  [+] Crawling article 77: https://www.ivivu.com/blog/2023/11/tan-huong-khong-gian-song-tien-nghi-va-hien-dai-tai-novotel-bangkok-on-siam-square/ ...
    [ok] Crawled successfully: 'Tận hưởng không gian sống tiện nghi và hiện đại tại Novotel Bangkok On Siam Square - iVIVU.com' (images: 12, keypoints: 2)
  [+] Crawling article 78: https://www.ivivu.com/blog/2023/11/kinh-nghiem-di-du-thuyen-spectrum-of-the-seas-tu-a-den-z/ ...
    [ok] Crawled successfully: 'Kinh nghiệm đi du thuyền Spectrum of the Seas từ A đến Z - iVIVU.com' (images: 35, keypoints: 2)
  [+] Crawling article 79: https://www.ivivu.com/blog/2023/11/xieu-long-truoc-mua-hoa-da-quy-o-mae-hong-son-thai-lan/ ...
    [ok] Crawled successfully: 'Xiêu lòng trước mùa hoa dã quỳ ở Mae Hong Son, Thái Lan - iVIVU.com' (images: 14, keypoints: 2)
  [+] Crawling article 80: https://www.ivivu.com/blog/2023/11/kinh-nghiem-di-du-thuyen-genting-dream-tu-a-den-z/ ...
    [ok] Crawled successfully: 'Kinh nghiệm đi du thuyền Genting Dream từ A đến Z - iVIVU.com' (images: 26, keypoints: 2)
  [+] Crawling article 81: https://www.ivivu.com/blog/2023/11/cau-tre-cam-dong-ve-dep-moc-mac-noi-dong-que-quang-nam/ ...
    [ok] Crawled successfully: 'Cầu tre Cẩm Đồng – vẻ đẹp mộc mạc nơi đồng quê Quảng Nam - iVIVU.com' (images: 19, keypoints: 2)
  [+] Crawling article 82: https://www.ivivu.com/blog/2023/11/dat-ve-vui-choi-de-dang-va-tiet-kiem-o-ivivu-com/ ...
    [ok] Crawled successfully: 'Đặt vé vui chơi dễ dàng và tiết kiệm ở iVIVU.com - iVIVU.com' (images: 8, keypoints: 2)
  [+] Crawling article 83: https://www.ivivu.com/blog/2023/11/tan-huong-bien-troi-trong-treo-va-nhe-nhang-tai-bai-ong-lang-phu-quoc/ ...
    [ok] Crawled successfully: 'Tận hưởng biển trời trong trẻo và nhẹ nhàng tại bãi Ông Lang, Phú Quốc - iVIVU.com' (images: 14, keypoints: 2)

[Listing Page] Processing page 127 / 751 (https://www.ivivu.com/blog/category/top-diem-den/page/127/)
  [info] Found 20 new articles to crawl (out of 48 total links on page 127)
  [+] Crawling article 84: https://www.ivivu.com/blog/2023/11/lo-lo-chai-ngoi-lang-co-tich-dep-thanh-binh-duoi-chan-cot-co-lung-cu/ ...
    [ok] Crawled successfully: 'Lô Lô Chải – ngôi làng đẹp thanh bình dưới chân cột cờ Lũng Cú' (images: 10, keypoints: 1)
  [+] Crawling article 85: https://www.ivivu.com/blog/2023/11/du-lich-ha-giang-den-thao-nguyen-suoi-thau-ngam-hoa-tam-giac-mach-khoe-sac/ ...
    [ok] Crawled successfully: 'Du lịch Hà Giang, đến thảo nguyên Suôi Thầu ngắm hoa tam giác mạch khoe sắc - iVIVU.com' (images: 14, keypoints: 2)
  [+] Crawling article 86: https://www.ivivu.com/blog/2023/11/du-lich-sapa-kham-pha-4-ban-lang-an-hien-giua-nui-rung-hoang-lien-son/ ...
    [ok] Crawled successfully: 'Du lịch Sapa: khám phá 4 bản làng ẩn hiện giữa núi rừng Hoàng Liên Sơn - iVIVU.com' (images: 15, keypoints: 2)
  [+] Crawling article 87: https://www.ivivu.com/blog/2023/11/den-cao-bang-tan-huong-canh-sac-tuoi-dep-o-deo-na-tenh/ ...
    [ok] Crawled successfully: 'Đến Cao Bằng, tận hưởng cảnh sắc tươi đẹp ở đèo Nà Tềnh - iVIVU.com' (images: 16, keypoints: 2)
  [+] Crawling article 88: https://www.ivivu.com/blog/2023/11/den-bai-da-co-nam-dan-kham-pha-bi-an-tu-ngan-xua-o-vung-cao-ha-giang/ ...
    [ok] Crawled successfully: 'Đến bãi đá cổ Nấm Dẩn, khám phá bí ẩn từ ngàn xưa ở vùng cao Hà Giang - iVIVU.com' (images: 14, keypoints: 2)
  [+] Crawling article 89: https://www.ivivu.com/blog/2023/11/bot-hang-dau-ha-noi-chinh-thuc-mo-cua-cho-du-khach-tham-quan/ ...
    [ok] Crawled successfully: 'Bốt Hàng Đậu (Hà Nội) chính thức mở cửa cho du khách tham quan - iVIVU.com' (images: 5, keypoints: 2)
  [+] Crawling article 90: https://www.ivivu.com/blog/2023/11/sap-dien-ra-le-hoi-den-troi-chiang-mai-2023-vo-cung-an-tuong/ ...
    [ok] Crawled successfully: 'Sắp diễn ra lễ hội đèn trời Chiang Mai 2023 vô cùng ấn tượng - iVIVU.com' (images: 12, keypoints: 2)
  [+] Crawling article 91: https://www.ivivu.com/blog/2023/11/tong-hop-20-diem-den-an-tuong-phai-check-in-khi-du-lich-phan-thiet/ ...
    [ok] Crawled successfully: 'Top 20 điểm đến phải check-in khi du lịch Phan Thiết' (images: 41, keypoints: 1)
  [+] Crawling article 92: https://www.ivivu.com/blog/2023/11/asteria-mui-ne-phan-thiet-diem-dung-chan-nghi-duong-cao-cap-ben-bo-bien-xanh-biec/ ...
    [ok] Crawled successfully: 'Asteria Mũi Né Phan Thiết - điểm dừng chân nghỉ dưỡng cao cấp bên bờ biển xanh biếc - iVIVU.com' (images: 18, keypoints: 2)
  [+] Crawling article 93: https://www.ivivu.com/blog/2023/11/top-9-hieu-lam-kinh-dien-ve-cac-tour-kham-pha-dai-duong-tren-du-thuyen/ ...
    [ok] Crawled successfully: 'Top 9 hiểu lầm kinh điển về các tour khám phá đại dương trên du thuyền - iVIVU.com' (images: 17, keypoints: 2)
  [+] Crawling article 94: https://www.ivivu.com/blog/2023/11/thap-nuoc-hang-dau-tu-di-tich-lich-su-den-khong-gian-nghe-thuat-doc-dao-cua-thu-do/ ...
    [ok] Crawled successfully: 'Tháp nước Hàng Đậu – từ di tích lịch sử đến không gian nghệ thuật độc đáo của Thủ đô - iVIVU.com' (images: 13, keypoints: 2)
  [+] Crawling article 95: https://www.ivivu.com/blog/2023/11/top-5-tour-da-nang-1n-cho-chuyen-kham-pha-tron-ven-thanh-pho-chi-tu-480-000-vndkhach/ ...
    [ok] Crawled successfully: 'Top 5 tour Đà Nẵng 1N cho chuyến khám phá trọn vẹn thành phố chỉ từ 480.000 VND/Khách - iVIVU.com' (images: 18, keypoints: 2)
  [+] Crawling article 96: https://www.ivivu.com/blog/2023/11/top-5-chuong-trinh-bieu-dien-nghe-thuat-khong-the-bo-qua-tren-khap-viet-nam/ ...
    [ok] Crawled successfully: 'Top 5 chương trình biểu diễn nghệ thuật không thể bỏ qua trên khắp Việt Nam - iVIVU.com' (images: 18, keypoints: 2)
  [+] Crawling article 97: https://www.ivivu.com/blog/2023/11/huong-dan-chi-tiet-cach-di-chuyen-tu-san-bay-changi-ve-trung-tam-singapore/ ...
    [ok] Crawled successfully: 'Hướng dẫn chi tiết cách di chuyển từ sân bay Changi về trung tâm Singapore - iVIVU.com' (images: 9, keypoints: 2)
  [+] Crawling article 98: https://www.ivivu.com/blog/2023/11/top-4-combo-du-thuyen-vinh-ha-long-dang-cap-cho-trai-nghiem-tron-ven/ ...
    [ok] Crawled successfully: 'Top 4 combo du thuyền vịnh Hạ Long đẳng cấp cho trải nghiệm trọn vẹn - iVIVU.com' (images: 39, keypoints: 2)
  [+] Crawling article 99: https://www.ivivu.com/blog/2023/11/diem-danh-8-diem-ngam-hoa-tam-giac-mach-dep-thuan-khiet-o-ha-giang/ ...
    [ok] Crawled successfully: 'Điểm danh 8 điểm ngắm hoa tam giác mạch đẹp thuần khiết ở Hà Giang - iVIVU.com' (images: 16, keypoints: 2)
  [+] Crawling article 100: https://www.ivivu.com/blog/2023/11/du-ngoan-tren-vung-bien-nuoc-uc-4n3d-cung-sieu-du-thuyen-ovation-of-the-seas/ ...
    [ok] Crawled successfully: 'Du ngoạn trên vùng biển nước Úc 4N3Đ cùng siêu du thuyền Ovation of the Seas - iVIVU.com' (images: 17, keypoints: 2)
  [+] Crawling article 101: https://www.ivivu.com/blog/2023/11/top-3-khu-nghi-duong-sapa-gia-yeu-thuong-cho-ky-nghi-dong-am-ap-tai-xu-so-suong-mu/ ...
    [ok] Crawled successfully: 'Top 3 khu nghỉ dưỡng Sapa giá yêu thương cho kỳ nghỉ đông ấm áp tại “xứ sở sương mù” - iVIVU.com' (images: 23, keypoints: 2)
  [+] Crawling article 102: https://www.ivivu.com/blog/2023/11/di-doc-dat-nuoc-chiem-nguong-mua-hoa-da-quy-no-ruc-tran-day-suc-song/ ...
    [ok] Crawled successfully: 'Đi dọc đất nước chiêm ngưỡng mùa hoa dã quỳ nở rực tràn đầy sức sống - iVIVU.com' (images: 24, keypoints: 2)
  [+] Crawling article 103: https://www.ivivu.com/blog/2023/11/top-3-combo-du-thuyen-ha-long-cao-cap-voi-vo-van-uu-dai-tai-ivivu/ ...
    [ok] Crawled successfully: 'Top 3 combo du thuyền Hạ Long cao cấp với vô vàn ưu đãi tại iVIVU - iVIVU.com' (images: 25, keypoints: 2)

[Listing Page] Processing page 128 / 751 (https://www.ivivu.com/blog/category/top-diem-den/page/128/)
  [info] Found 20 new articles to crawl (out of 48 total links on page 128)
  [+] Crawling article 104: https://www.ivivu.com/blog/2023/11/top-3-nha-hang-mien-phi-cho-bua-sang-chat-luong-tren-sieu-du-thuyen-spectrum-of-the-seas/ ...
    [ok] Crawled successfully: 'Top 3 nhà hàng miễn phí cho bữa sáng chất lượng trên siêu du thuyền Spectrum of the Seas - iVIVU.com' (images: 8, keypoints: 2)
  [+] Crawling article 105: https://www.ivivu.com/blog/2023/11/top-5-dieu-thu-vi-o-thanh-dia-my-son-co-the-ban-chua-tung-biet/ ...
    [ok] Crawled successfully: 'Top 5 điều thú vị ở Thánh địa Mỹ Sơn có thể bạn chưa từng biết - iVIVU.com' (images: 15, keypoints: 2)
  [+] Crawling article 106: https://www.ivivu.com/blog/2023/11/du-lich-hoi-an-chiem-nguong-nhung-kieu-kien-truc-xua-vo-cung-doc-dao/ ...
    [ok] Crawled successfully: 'Du lịch Hội An: chiêm ngưỡng những kiểu kiến trúc xưa vô cùng độc đáo - iVIVU.com' (images: 15, keypoints: 2)
  [+] Crawling article 107: https://www.ivivu.com/blog/2023/11/du-lich-tam-ky-kham-pha-nhung-dia-diem-noi-tieng-nhung-mon-an-dac-san/ ...
    [ok] Crawled successfully: 'Du lịch Tam Kỳ: khám phá những địa điểm nổi tiếng, những món ăn đặc sản - iVIVU.com' (images: 24, keypoints: 2)
  [+] Crawling article 108: https://www.ivivu.com/blog/2023/11/kien-truc-an-tuong-cua-5-hoi-quan-nguoi-hoa-o-pho-co-hoi-an/ ...
    [ok] Crawled successfully: 'Kiến trúc ấn tượng của 5 hội quán người Hoa ở phố cổ Hội An - iVIVU.com' (images: 27, keypoints: 2)
  [+] Crawling article 109: https://www.ivivu.com/blog/2023/11/ve-hung-yen-tham-chua-chuong-pho-hien-de-nhat-danh-lam/ ...
    [ok] Crawled successfully: 'Về Hưng Yên thăm chùa Chuông – “Phố Hiến đệ nhất danh lam” - iVIVU.com' (images: 12, keypoints: 2)
  [+] Crawling article 110: https://www.ivivu.com/blog/2023/11/ho-ke-go-cong-trinh-lich-su-giua-thien-nhien-ha-tinh-trong-xanh/ ...
    [ok] Crawled successfully: 'Hồ Kẻ Gỗ - công trình lịch sử giữa thiên nhiên Hà Tĩnh trong xanh - iVIVU.com' (images: 14, keypoints: 2)
  [+] Crawling article 111: https://www.ivivu.com/blog/2023/11/7-dia-diem-hai-hong-da-lat-cho-ban-trai-nghiem-thu-hoach-dac-san-pho-nui/ ...
    [ok] Crawled successfully: '7 địa điểm hái hồng Đà Lạt cho bạn trải nghiệm thu hoạch đặc sản phố núi - iVIVU.com' (images: 22, keypoints: 2)
  [+] Crawling article 112: https://www.ivivu.com/blog/2023/11/mong-co-mien-visa-cho-du-khach-viet-nam-mo-duong-bay-thang/ ...
    [ok] Crawled successfully: 'Mông Cổ miễn visa cho du khách Việt Nam, mở đường bay thẳng - iVIVU.com' (images: 6, keypoints: 2)
  [+] Crawling article 113: https://www.ivivu.com/blog/2023/11/top-4-combo-resort-ninh-binh-dang-co-uu-dai-mua-cuoi-nam/ ...
    [ok] Crawled successfully: 'Top 4 combo resort Ninh Bình đang có ưu đãi mùa cuối năm - iVIVU.com' (images: 29, keypoints: 2)
  [+] Crawling article 114: https://www.ivivu.com/blog/2023/11/du-lich-quang-nam-tha-hon-tai-lang-sinh-thai-ca-ban-dung-di/ ...
    [ok] Crawled successfully: 'Du lịch Quảng Nam, thả hồn tại làng sinh thái Cà Ban dung dị - iVIVU.com' (images: 15, keypoints: 2)
  [+] Crawling article 115: https://www.ivivu.com/blog/2023/11/pho-am-thuc-phan-xich-long-se-hoat-dong-vao-cuoi-nam-2023/ ...
    [ok] Crawled successfully: 'Phố ẩm thực Phan Xích Long sẽ hoạt động vào cuối năm 2023 - iVIVU.com' (images: 5, keypoints: 2)
  [+] Crawling article 116: https://www.ivivu.com/blog/2023/11/dac-quyen-the-key-cuc-chat-tren-sieu-du-thuyen-spectrum-of-the-seas/ ...
    [ok] Crawled successfully: 'Đặc quyền The Key cực chất trên siêu du thuyền Spectrum of the Seas - iVIVU.com' (images: 7, keypoints: 2)
  [+] Crawling article 117: https://www.ivivu.com/blog/2023/11/top-5-combo-khach-san-da-nang-sang-trong-nhieu-tien-ich-co-gia-duoi-4-trieu-dongnguoi/ ...
    [ok] Crawled successfully: 'Top 5 combo khách sạn Đà Nẵng sang trọng, nhiều tiện ích có giá dưới 4 triệu đồng - iVIVU.com' (images: 31, keypoints: 2)
  [+] Crawling article 118: https://www.ivivu.com/blog/2023/11/kinh-nghiem-xin-visa-hong-kong-chi-tiet-don-gian-moi-nhat-nam-2023/ ...
    [ok] Crawled successfully: 'Kinh nghiệm xin visa Hồng Kông chi tiết, đơn giản, mới nhất năm 2024 - iVIVU.com' (images: 7, keypoints: 1)
  [+] Crawling article 119: https://www.ivivu.com/blog/2023/11/sai-gon-chot-thiet-ke-cau-di-bo-vuot-song-hinh-la-dua-nuoc/ ...
    [ok] Crawled successfully: 'Sài Gòn chốt thiết kế cầu đi bộ vượt sông hình lá dừa nước - iVIVU.com' (images: 6, keypoints: 2)
  [+] Crawling article 120: https://www.ivivu.com/blog/2023/11/dien-mao-moi-cua-nha-ga-t2-san-bay-changi-singapore-vua-duoc-nang-cap/ ...
    [ok] Crawled successfully: 'Diện mạo mới của nhà ga T2 sân bay Changi, Singapore vừa được nâng cấp - iVIVU.com' (images: 8, keypoints: 2)
  [+] Crawling article 121: https://www.ivivu.com/blog/2023/11/nhung-show-dien-doc-nhat-vo-nhi-tren-sieu-du-thuyen-lon-nhat-hanh-tinh-icon-of-the-seas/ ...
    [ok] Crawled successfully: 'Những show diễn độc nhất vô nhị trên siêu du thuyền lớn nhất hành tinh – Icon of the Seas - iVIVU.com' (images: 13, keypoints: 2)
  [+] Crawling article 122: https://www.ivivu.com/blog/2023/11/thai-airways-thong-bao-lich-bay-khoi-hanh-tu-viet-nam-den-nhieu-quoc-gia/ ...
    [ok] Crawled successfully: 'Thai Airways thông báo lịch bay khởi hành từ Việt Nam đến nhiều quốc gia - iVIVU.com' (images: 5, keypoints: 2)
  [+] Crawling article 123: https://www.ivivu.com/blog/2023/11/cho-phien-lang-chai-tan-thanh-diem-den-van-hoa-doc-dao-noi-vung-ven-bien-hoi-an/ ...
    [ok] Crawled successfully: 'Chợ phiên làng chài Tân Thành - điểm đến văn hóa độc đáo nơi vùng ven biển Hội An - iVIVU.com' (images: 18, keypoints: 2)

[Listing Page] Processing page 129 / 751 (https://www.ivivu.com/blog/category/top-diem-den/page/129/)
  [info] Found 20 new articles to crawl (out of 48 total links on page 129)
  [+] Crawling article 124: https://www.ivivu.com/blog/2023/11/kinh-nghiem-xin-visa-han-quoc-chi-tiet-nhat-nam-2023/ ...
    [ok] Crawled successfully: 'Kinh nghiệm xin visa Hàn Quốc chi tiết nhất năm 2024 - iVIVU.com' (images: 10, keypoints: 1)
  [+] Crawling article 125: https://www.ivivu.com/blog/2023/11/kinh-nghiem-xin-visa-canada-chi-tiet-tu-a-den-z-nam-2023/ ...
    [ok] Crawled successfully: 'Kinh nghiệm xin visa Canada chi tiết từ A đến Z năm 2024 - iVIVU.com' (images: 8, keypoints: 1)
  [+] Crawling article 126: https://www.ivivu.com/blog/2023/11/du-lich-tam-ky-tim-hieu-truyen-thong-hieu-hoc-tai-khu-di-tich-van-thanh-khong-mieu/ ...
    [ok] Crawled successfully: 'Du lịch Tam Kỳ: tìm hiểu truyền thống hiếu học tại khu di tích Văn Thánh – Khổng Miếu - iVIVU.com' (images: 13, keypoints: 2)
  [+] Crawling article 127: https://www.ivivu.com/blog/2023/11/nha-hat-lon-ha-noi-bieu-tuong-cua-kien-truc-van-hoa-nghe-thuat-thu-do/ ...
    [ok] Crawled successfully: 'Nhà hát Lớn Hà Nội – biểu tượng của kiến trúc, văn hóa, nghệ thuật Thủ đô - iVIVU.com' (images: 13, keypoints: 2)
  [+] Crawling article 128: https://www.ivivu.com/blog/2023/11/lich-trinh-ha-giang-3n2d-ngam-hoa-tam-giac-mach/ ...
    [ok] Crawled successfully: 'Lịch trình Hà Giang 3N2Đ ngắm hoa tam giác mạch - iVIVU.com' (images: 8, keypoints: 2)
  [+] Crawling article 129: https://www.ivivu.com/blog/2023/11/7-diem-ngam-hoa-phuong-tim-o-australia/ ...
    [ok] Crawled successfully: '7 điểm ngắm hoa phượng tím ở Australia - iVIVU.com' (images: 11, keypoints: 2)
  [+] Crawling article 130: https://www.ivivu.com/blog/2023/11/hong-kong-tang-1-trieu-voucher-100-do-la-cho-du-khach/ ...
    [ok] Crawled successfully: 'Hồng Kông tặng 1 triệu voucher 100 đô la cho du khách - iVIVU.com' (images: 4, keypoints: 2)
  [+] Crawling article 131: https://www.ivivu.com/blog/2023/11/dong-thien-duong-hang-dong-kho-dai-nhat-chau-a-o-quang-binh/ ...
    [ok] Crawled successfully: 'Động Thiên Đường – hang động khô dài nhất châu Á ở Quảng Bình - iVIVU.com' (images: 16, keypoints: 2)
  [+] Crawling article 132: https://www.ivivu.com/blog/2023/11/trung-quoc-huy-bo-yeu-cau-khai-bao-y-te-khi-xuat-nhap-canh/ ...
    [ok] Crawled successfully: 'Trung Quốc hủy bỏ yêu cầu khai báo y tế khi xuất nhập cảnh - iVIVU.com' (images: 5, keypoints: 2)
  [+] Crawling article 133: https://www.ivivu.com/blog/2023/11/mi-quang-mon-ngon-tuoi-doi-hang-tram-nam-tren-dat-quang-nam/ ...
    [ok] Crawled successfully: 'Mì Quảng – món ngon tuổi đời hàng trăm năm trên đất Quảng Nam - iVIVU.com' (images: 9, keypoints: 2)
  [+] Crawling article 134: https://www.ivivu.com/blog/2023/11/cac-hang-hang-khong-thai-lan-bat-dau-can-hanh-khach/ ...
    [ok] Crawled successfully: 'Các hãng hàng không Thái Lan bắt đầu cân hành khách - iVIVU.com' (images: 5, keypoints: 2)
  [+] Crawling article 135: https://www.ivivu.com/blog/2023/11/thu-tuc-xin-visa-dai-loan-vo-cung-de-dang-tiet-kiem-ti-le-dau-cao-nam-2023/ ...
    [ok] Crawled successfully: 'Thủ tục xin visa Đài Loan vô cùng dễ dàng, tiết kiệm, tỉ lệ đậu cao năm 2024 - iVIVU.com' (images: 7, keypoints: 1)
  [+] Crawling article 136: https://www.ivivu.com/blog/2023/11/den-anantara-quy-nhon-villas-thuong-thuc-bua-toi-doc-quyen-dua-huong-ban-xa-ve-voi-pho-bien/ ...
    [ok] Crawled successfully: 'Đến Anantara Quy Nhơn Villas, thưởng thức bữa tối độc quyền “Đưa Hương Bản Xa Về Với Phố Biển” - iVIVU.com' (images: 22, keypoints: 2)
  [+] Crawling article 137: https://www.ivivu.com/blog/2023/11/kinh-nghiem-xin-visa-chau-au-visa-schengen-thu-tuc-don-gian-de-dau-nam-2023/ ...
    [ok] Crawled successfully: 'Kinh nghiệm xin visa châu Âu (visa Schengen) thủ tục đơn giản, dễ đậu năm 2024 - iVIVU.com' (images: 9, keypoints: 1)
  [+] Crawling article 138: https://www.ivivu.com/blog/2023/11/kinh-nghiem-lam-thu-tuc-xin-visa-nhat-ban-ti-le-dau-cao/ ...
    [ok] Crawled successfully: 'Kinh nghiệm làm thủ tục xin visa Nhật Bản tỉ lệ đậu cao - iVIVU.com' (images: 8, keypoints: 2)
  [+] Crawling article 139: https://www.ivivu.com/blog/2023/11/17-diem-den-hap-dan-nhat-dinh-phai-check-in-khi-du-lich-hue/ ...
    [ok] Crawled successfully: '17 điểm đến hấp dẫn nhất định phải check-in khi du lịch Huế - iVIVU.com' (images: 35, keypoints: 2)
  [+] Crawling article 140: https://www.ivivu.com/blog/2023/11/tu-111-nhat-ban-cap-e-visa-cho-du-khach-doan-viet-nam/ ...
    [ok] Crawled successfully: 'Từ 1/11, Nhật Bản cấp e-visa cho du khách đoàn Việt Nam - iVIVU.com' (images: 5, keypoints: 2)
  [+] Crawling article 141: https://www.ivivu.com/blog/2023/11/top-4-combo-resort-khach-san-quy-nhon-uu-dai-ngap-tran-cho-ky-nghi-thang-hang/ ...
    [ok] Crawled successfully: 'Top 4 combo resort - khách sạn Quy Nhơn ưu đãi ngập tràn cho kỳ nghỉ thăng hạng - iVIVU.com' (images: 29, keypoints: 2)
  [+] Crawling article 142: https://www.ivivu.com/blog/2023/11/nghi-duong-trong-khong-gian-sang-trong-vuot-thoi-gian-tai-le-jardin-haute-couture-ha-noi/ ...
    [ok] Crawled successfully: 'Nghỉ dưỡng trong không gian sang trọng "vượt thời gian" tại Le Jardin Haute Couture Hà Nội - iVIVU.com' (images: 17, keypoints: 2)
  [+] Crawling article 143: https://www.ivivu.com/blog/2023/11/danh-sach-20-diem-den-hap-dan-phai-check-in-khi-du-lich-da-nang/ ...
    [ok] Crawled successfully: 'Danh sách 20 điểm đến hấp dẫn phải check-in khi du lịch Đà Nẵng - iVIVU.com' (images: 29, keypoints: 2)

[Listing Page] Processing page 130 / 751 (https://www.ivivu.com/blog/category/top-diem-den/page/130/)
  [info] Found 20 new articles to crawl (out of 48 total links on page 130)
  [+] Crawling article 144: https://www.ivivu.com/blog/2023/11/lang-chu-tich-ho-chi-minh-diem-den-dac-biet-trong-moi-trai-tim-cua-nguoi-viet-nam/ ...
    [ok] Crawled successfully: 'Lăng Chủ tịch Hồ Chí Minh – điểm đến đặc biệt trong mọi trái tim của người Việt Nam - iVIVU.com' (images: 11, keypoints: 2)
  [+] Crawling article 145: https://www.ivivu.com/blog/2023/10/top-3-combo-khach-san-jakarta-co-gia-tot-cho-ky-nghi-tron-ven-tai-xu-so-van-dao/ ...
    [ok] Crawled successfully: 'Top 3 combo khách sạn Jakarta có giá tốt cho kỳ nghỉ trọn vẹn tại “xứ sở vạn đảo” - iVIVU.com' (images: 28, keypoints: 2)
  [+] Crawling article 146: https://www.ivivu.com/blog/2023/10/du-kien-mo-lai-san-bay-dien-bien-tu-ngay-2122023/ ...
    [ok] Crawled successfully: 'Dự kiến mở lại sân bay Điện Biên từ ngày 2/12/2023 - iVIVU.com' (images: 4, keypoints: 2)
  [+] Crawling article 147: https://www.ivivu.com/blog/2023/10/kinh-nghiem-lam-thu-tuc-xin-visa-uc-uy-tin-tiet-kiem-ti-le-dau-cao/ ...
    [ok] Crawled successfully: 'Kinh nghiệm làm thủ tục xin visa Úc uy tín, tiết kiệm, tỉ lệ đậu cao - iVIVU.com' (images: 7, keypoints: 2)
  [+] Crawling article 148: https://www.ivivu.com/blog/2023/10/ky-nghi-day-chat-nghe-thuat-giua-trung-tam-thu-do-tai-le-jardin-hotel-spa-ha-noi/ ...
    [ok] Crawled successfully: 'Kỳ nghỉ đầy chất nghệ thuật giữa trung tâm Thủ đô tại Le Jardin Hotel & Spa Hà Nội - iVIVU.com' (images: 19, keypoints: 2)
  [+] Crawling article 149: https://www.ivivu.com/blog/2023/10/merperle-da-lat-noi-thang-hoa-tinh-yeu-va-hanh-phuc/ ...
    [ok] Crawled successfully: 'MerPerle Đà Lạt – nơi thăng hoa tình yêu và hạnh phúc - iVIVU.com' (images: 16, keypoints: 2)
  [+] Crawling article 150: https://www.ivivu.com/blog/2023/10/chua-tieu-dao-ngoi-chua-gom-su-ghi-dau-tinh-hoa-lang-gom-bat-trang/ ...
    [ok] Crawled successfully: 'Chùa Tiêu Dao – ngôi chùa gốm sứ ghi dấu tinh hoa làng gốm Bát Tràng - iVIVU.com' (images: 17, keypoints: 2)
  [+] Crawling article 151: https://www.ivivu.com/blog/2023/10/melia-ba-vi-mountain-retreat-nghi-duong-biet-lap-giua-thien-nhien-nui-rung-tinh-khiet/ ...
    [ok] Crawled successfully: 'Meliá Ba Vì Mountain Retreat – nghỉ dưỡng biệt lập giữa thiên nhiên núi rừng - iVIVU.com' (images: 20, keypoints: 2)
  [+] Crawling article 152: https://www.ivivu.com/blog/2023/10/top-3-combo-khu-nghi-duong-ha-long-cao-cap-gia-cuc-re-chi-tu-499-000-vndkhach/ ...
    [ok] Crawled successfully: 'Top 3 combo khu nghỉ dưỡng Hạ Long cao cấp, giá cực rẻ chỉ từ 499.000 VND/Khách - iVIVU.com' (images: 31, keypoints: 2)
  [+] Crawling article 153: https://www.ivivu.com/blog/2023/10/kinh-nghiem-xin-visa-my-de-dang-ti-le-dau-cao-2023/ ...
    [ok] Crawled successfully: 'Kinh nghiệm xin visa Mỹ dễ dàng, tỉ lệ đậu cao năm 2024 - iVIVU.com' (images: 6, keypoints: 1)
  [+] Crawling article 154: https://www.ivivu.com/blog/2023/10/rua-bien-bach-tang-quy-hiem-chao-doi-tai-con-dao/ ...
    [ok] Crawled successfully: 'Rùa biển bạch tạng quý hiếm chào đời tại Côn Đảo - iVIVU.com' (images: 4, keypoints: 2)
  [+] Crawling article 155: https://www.ivivu.com/blog/2023/10/van-mieu-quoc-tu-giam-thu-nghiem-tour-dem-vao-cuoi-thang-10/ ...
    [ok] Crawled successfully: 'Văn Miếu - Quốc Tử Giám thử nghiệm tour đêm vào cuối tháng 10 - iVIVU.com' (images: 4, keypoints: 2)
  [+] Crawling article 156: https://www.ivivu.com/blog/2023/10/doi-che-long-coc-vung-tien-canh-bong-lai-co-hinh-bat-up-o-mien-trung-du-phu-tho/ ...
    [ok] Crawled successfully: 'Đồi chè Long Cốc – vùng “tiên cảnh bồng lai” có hình bát úp ở miền trung du Phú Thọ - iVIVU.com' (images: 16, keypoints: 2)
  [+] Crawling article 157: https://www.ivivu.com/blog/2023/10/vuon-quoc-gia-cat-ba-the-gioi-xanh-hoang-da-tren-quan-dao-cat-ba-hai-phong/ ...
    [ok] Crawled successfully: 'Vườn quốc gia Cát Bà – thế giới xanh hoang dã trên quần đảo Cát Bà, Hải Phòng - iVIVU.com' (images: 20, keypoints: 3)
  [+] Crawling article 158: https://www.ivivu.com/blog/2023/10/ve-quang-nam-tham-lang-co-loc-yen-thanh-binh-xu-tien-canh/ ...
    [ok] Crawled successfully: 'Về Quảng Nam, thăm làng cổ Lộc Yên thanh bình xứ Tiên Cảnh - iVIVU.com' (images: 20, keypoints: 2)
  [+] Crawling article 159: https://www.ivivu.com/blog/2023/10/dong-sen-tra-ly-dong-sen-lon-va-dep-nhat-tinh-quang-nam/ ...
    [ok] Crawled successfully: 'Đồng sen Trà Lý – đồng sen lớn và đẹp nhất tỉnh Quảng Nam - iVIVU.com' (images: 19, keypoints: 2)
  [+] Crawling article 160: https://www.ivivu.com/blog/2023/10/kham-pha-nen-van-hoa-giau-ban-sac-cua-xu-quang-tai-bao-tang-quang-nam/ ...
    [ok] Crawled successfully: 'Khám phá nền văn hóa giàu bản sắc của xứ Quảng tại bảo tàng Quảng Nam - iVIVU.com' (images: 16, keypoints: 2)
  [+] Crawling article 161: https://www.ivivu.com/blog/2023/10/top-7-trai-nghiem-dang-nho-khi-du-lich-quang-nam/ ...
    [ok] Crawled successfully: 'Top 7 trải nghiệm đáng nhớ khi du lịch Quảng Nam - iVIVU.com' (images: 17, keypoints: 2)
  [+] Crawling article 162: https://www.ivivu.com/blog/2023/10/top-6-bao-tang-hoi-an-phu-hop-cho-du-khach-dam-me-van-hoa-lich-su/ ...
    [ok] Crawled successfully: 'Top 6 bảo tàng Hội An phù hợp cho du khách đam mê văn hóa, lịch sử - iVIVU.com' (images: 33, keypoints: 2)
  [+] Crawling article 163: https://www.ivivu.com/blog/2023/10/nhom-nhac-maroon-5-se-bieu-dien-tai-phu-quoc-vao-thang-12-nay/ ...
    [ok] Crawled successfully: 'Nhóm nhạc Maroon 5 sẽ biểu diễn tại Phú Quốc vào tháng 12 này - iVIVU.com' (images: 5, keypoints: 2)

[Listing Page] Processing page 131 / 751 (https://www.ivivu.com/blog/category/top-diem-den/page/131/)
  [info] Found 20 new articles to crawl (out of 48 total links on page 131)
  [+] Crawling article 164: https://www.ivivu.com/blog/2023/10/tour-philippines-5n4d-vui-het-nac-o-thien-duong-el-nido-hon-ngoc-cua-palawan/ ...
    [ok] Crawled successfully: 'Tour Philippines 5N4Đ: vui hết nấc ở thiên đường El Nido - “hòn ngọc của Palawan” - iVIVU.com' (images: 26, keypoints: 2)
  [+] Crawling article 165: https://www.ivivu.com/blog/2023/10/du-lich-co-to-tim-hieu-nhung-tuyen-pho-dac-biet-gan-lien-voi-lich-su-huyen-dao/ ...
    [ok] Crawled successfully: 'Du lịch Cô Tô, tìm hiểu những tuyến phố đặc biệt gắn liền với lịch sử huyện đảo - iVIVU.com' (images: 12, keypoints: 2)
  [+] Crawling article 166: https://www.ivivu.com/blog/2023/10/co-nen-mua-goi-wifi-khi-di-du-thuyen-spectrum-of-the-seas-hay-khong/ ...
    [ok] Crawled successfully: 'Có nên mua gói wifi khi đi du thuyền Spectrum of the Seas hay không? - iVIVU.com' (images: 6, keypoints: 2)
  [+] Crawling article 167: https://www.ivivu.com/blog/2023/10/top-3-combo-nghi-duong-phu-quoc-cao-cap-dang-co-gia-re-hon-bao-gio-het/ ...
    [ok] Crawled successfully: 'Top 3 combo nghỉ dưỡng Phú Quốc cao cấp đang có giá rẻ hơn bao giờ hết - iVIVU.com' (images: 31, keypoints: 2)
  [+] Crawling article 168: https://www.ivivu.com/blog/2023/10/tour-malaysia-5n4d-hanh-trinh-kham-pha-dao-rong-tioman-quyen-ru-chi-11-990-000-vndnguoi/ ...
    [ok] Crawled successfully: 'Tour Malaysia 5N4Đ: hành trình khám phá đảo rồng Tioman quyến rũ chỉ 11.990.000 VND/người - iVIVU.com' (images: 22, keypoints: 2)
  [+] Crawling article 169: https://www.ivivu.com/blog/2023/10/top-4-khu-nghi-duong-nha-trang-cho-ky-nghi-thien-duong-tai-hon-ngoc-cua-bien-dong/ ...
    [ok] Crawled successfully: 'Top 4 khu nghỉ dưỡng Nha Trang cho kỳ nghỉ thiên đường tại “hòn ngọc của biển Đông” - iVIVU.com' (images: 36, keypoints: 2)
  [+] Crawling article 170: https://www.ivivu.com/blog/2023/10/phan-biet-cac-loai-the-giao-thong-cong-cong-o-nhat-ban/ ...
    [ok] Crawled successfully: 'Phân biệt các loại thẻ giao thông công cộng ở Nhật Bản - iVIVU.com' (images: 5, keypoints: 1)
  [+] Crawling article 171: https://www.ivivu.com/blog/2023/10/5-ly-do-khien-ban-muon-trai-nghiem-sieu-du-thuyen-spectrum-of-the-seas/ ...
    [ok] Crawled successfully: '5 lý do khiến bạn muốn trải nghiệm siêu du thuyền Spectrum of the Seas - iVIVU.com' (images: 13, keypoints: 2)
  [+] Crawling article 172: https://www.ivivu.com/blog/2023/10/dia-dao-ky-anh-mot-huyen-thoai-trong-long-dat-cua-tinh-quang-nam/ ...
    [ok] Crawled successfully: 'Địa đạo Kỳ Anh – một huyền thoại trong lòng đất của tỉnh Quảng Nam - iVIVU.com' (images: 19, keypoints: 2)
  [+] Crawling article 173: https://www.ivivu.com/blog/2023/10/top-8-quan-bar-o-hoi-an-co-view-bien-cho-nhung-chieu-thu-thai/ ...
    [ok] Crawled successfully: 'Top 8 quán bar ở Hội An có view biển cho những chiều thư thái - iVIVU.com' (images: 22, keypoints: 2)
  [+] Crawling article 174: https://www.ivivu.com/blog/2023/10/dien-mao-moi-cua-tau-hoa-se19se20-chang-ha-noi-da-nang/ ...
    [ok] Crawled successfully: 'Diện mạo mới của tàu hỏa SE19/SE20 chặng Hà Nội - Đà Nẵng - iVIVU.com' (images: 6, keypoints: 2)
  [+] Crawling article 175: https://www.ivivu.com/blog/2023/10/tour-brunei-dubai-6n5d-hanh-trinh-kham-pha-hai-nen-van-hoa-day-sac-mau/ ...
    [ok] Crawled successfully: 'Tour Brunei - Dubai 6N5Đ: hành trình khám phá hai nền văn hóa đầy sắc màu - iVIVU.com' (images: 35, keypoints: 2)
  [+] Crawling article 176: https://www.ivivu.com/blog/2023/10/sai-gon-sap-xay-quang-truong-truoc-cho-ben-thanh-chi-phi-157-ty-dong/ ...
    [ok] Crawled successfully: 'Sài Gòn sắp xây quảng trường trước chợ Bến Thành chi phí 157 tỷ đồng - iVIVU.com' (images: 4, keypoints: 2)
  [+] Crawling article 177: https://www.ivivu.com/blog/2023/10/tour-nhat-ban-5n4d-chiem-nguong-nui-phu-si-tu-khu-truot-tuyet-fujiten-noi-tieng/ ...
    [ok] Crawled successfully: 'Tour Nhật Bản 5N4Đ: chiêm ngưỡng núi Phú Sĩ từ khu trượt tuyết Fujiten nổi tiếng - iVIVU.com' (images: 22, keypoints: 2)
  [+] Crawling article 178: https://www.ivivu.com/blog/2023/10/top-9-mon-qua-luu-niem-hoi-an-day-y-nghia/ ...
    [ok] Crawled successfully: 'Top 9 món quà lưu niệm Hội An đầy ý nghĩa - iVIVU.com' (images: 14, keypoints: 2)
  [+] Crawling article 179: https://www.ivivu.com/blog/2023/10/vuon-quoc-gia-pu-mat-diem-du-lich-sinh-thai-cuon-hut-o-mien-tay-nghe-an/ ...
    [ok] Crawled successfully: 'Vườn Quốc gia Pù Mát – điểm du lịch sinh thái cuốn hút ở miền Tây Nghệ An - iVIVU.com' (images: 13, keypoints: 2)
  [+] Crawling article 180: https://www.ivivu.com/blog/2023/10/du-lich-hoi-an-nhung-diem-den-cho-nguoi-yeu-nghe-thuat/ ...
    [ok] Crawled successfully: 'Du lịch Hội An - những điểm đến cho người yêu nghệ thuật - iVIVU.com' (images: 17, keypoints: 2)
  [+] Crawling article 181: https://www.ivivu.com/blog/2023/10/ky-nghi-hoan-hao-giua-khong-gian-tuoi-dep-cung-sailing-club-signature-phu-quoc/ ...
    [ok] Crawled successfully: 'Kỳ nghỉ hoàn hảo giữa không gian tươi đẹp cùng Sailing Club Signature Phú Quốc - iVIVU.com' (images: 19, keypoints: 2)
  [+] Crawling article 182: https://www.ivivu.com/blog/2023/10/bao-tang-tinh-ha-giang-dia-diem-phan-anh-sinh-dong-nen-van-hoa-cua-mot-tinh-vung-bien/ ...
    [ok] Crawled successfully: 'Bảo tàng tỉnh Hà Giang – địa điểm phản ánh sinh động nền văn hóa của một tỉnh vùng biên - iVIVU.com' (images: 20, keypoints: 2)
  [+] Crawling article 183: https://www.ivivu.com/blog/2023/10/phan-lan-la-quoc-gia-dau-tien-tren-the-gioi-su-dung-ho-chieu-ky-thuat-so/ ...
    [ok] Crawled successfully: 'Phần Lan là quốc gia đầu tiên trên thế giới sử dụng hộ chiếu kỹ thuật số - iVIVU.com' (images: 5, keypoints: 2)

[Listing Page] Processing page 132 / 751 (https://www.ivivu.com/blog/category/top-diem-den/page/132/)
  [info] Found 20 new articles to crawl (out of 48 total links on page 132)
  [+] Crawling article 184: https://www.ivivu.com/blog/2023/10/kham-pha-5-vuon-trai-cay-o-phong-dien-can-tho-triu-qua/ ...
    [ok] Crawled successfully: 'Khám phá 5 vườn trái cây ở Phong Điền, Cần Thơ trĩu quả - iVIVU.com' (images: 24, keypoints: 2)
  [+] Crawling article 185: https://www.ivivu.com/blog/2023/10/hoi-hop-ket-hop-giai-tri-tren-dai-duong-cung-sieu-du-thuyen-spectrum-of-the-seas/ ...
    [ok] Crawled successfully: 'Hội họp kết hợp giải trí trên đại dương cùng siêu du thuyền Spectrum of the Seas - iVIVU.com' (images: 11, keypoints: 2)
  [+] Crawling article 186: https://www.ivivu.com/blog/2023/10/du-lich-lao-nhat-dinh-phai-tham-du-le-hoi-boun-ok-phansa-2023/ ...
    [ok] Crawled successfully: 'Du lịch Lào nhất định phải tham dự lễ hội Boun Ok Phansa 2023 - iVIVU.com' (images: 16, keypoints: 2)
  [+] Crawling article 187: https://www.ivivu.com/blog/2023/10/tha-minh-o-thien-duong-yen-tinh-ben-bo-bien-tai-melia-vinpearl-phu-quoc/ ...
    [ok] Crawled successfully: 'Thả mình ở "thiên đường" yên tĩnh bên bờ biển tại Meliá Vinpearl Phú Quốc - iVIVU.com' (images: 20, keypoints: 2)
  [+] Crawling article 188: https://www.ivivu.com/blog/2023/10/nhung-hoat-dong-thu-vi-danh-cho-tre-em-tren-cac-du-thuyen-cua-royal-carribean/ ...
    [ok] Crawled successfully: 'Những hoạt động thú vị dành cho trẻ em trên các du thuyền của Royal Carribean - iVIVU.com' (images: 13, keypoints: 2)
  [+] Crawling article 189: https://www.ivivu.com/blog/2023/10/tour-du-thuyen-co-huong-dan-vien-khong/ ...
    [ok] Crawled successfully: 'Tour du thuyền Spectrum of the Seas có hướng dẫn viên không? - iVIVU.com' (images: 10, keypoints: 2)
  [+] Crawling article 190: https://www.ivivu.com/blog/2023/10/ky-nghi-gan-gui-voi-thien-nhien-tai-vinpearl-wonderworld-phu-quoc/ ...
    [ok] Crawled successfully: 'Kỳ nghỉ gần gũi với thiên nhiên tại Vinpearl Wonderworld Phú Quốc - iVIVU.com' (images: 16, keypoints: 2)
  [+] Crawling article 191: https://www.ivivu.com/blog/2023/10/lalya-ninh-van-bay-thien-duong-nghi-duong-biet-lap-yen-binh-noi-vinh-ninh-van/ ...
    [ok] Crawled successfully: 'L'Alya Ninh Vân Bay - "thiên đường" nghỉ dưỡng biệt lập, yên bình nơi vịnh Ninh Vân - iVIVU.com' (images: 15, keypoints: 2)
  [+] Crawling article 192: https://www.ivivu.com/blog/2023/10/du-lich-quang-nam-kham-pha-thac-grang-nhu-dai-lua-giua-dai-ngan/ ...
    [ok] Crawled successfully: 'Du lịch Quảng Nam: khám phá thác Grăng như dải lụa giữa đại ngàn - iVIVU.com' (images: 17, keypoints: 2)
  [+] Crawling article 193: https://www.ivivu.com/blog/2023/10/ky-nghi-dang-cap-giua-thanh-pho-bien-soi-dong-voi-vinpearl-beachfront-nha-trang/ ...
    [ok] Crawled successfully: 'Kỳ nghỉ đẳng cấp giữa thành phố biển sôi động với Vinpearl Beachfront Nha Trang - iVIVU.com' (images: 16, keypoints: 2)
  [+] Crawling article 194: https://www.ivivu.com/blog/2023/10/sieu-pham-utopia-of-the-seas-than-thien-voi-moi-truong-se-khoi-hanh-vao-mua-he-2024/ ...
    [ok] Crawled successfully: 'Siêu phẩm Utopia of the Seas thân thiện với môi trường sẽ khởi hành vào mùa hè 2024 - iVIVU.com' (images: 10, keypoints: 2)
  [+] Crawling article 195: https://www.ivivu.com/blog/2023/10/thuong-tron-ve-dep-cua-toan-canh-vinh-nha-trang-tu-vinpearl-resort-spa-nha-trang-bay/ ...
    [ok] Crawled successfully: 'Thưởng trọn vẻ đẹp toàn cảnh vịnh Nha Trang từ Vinpearl Resort & Spa Nha Trang Bay - iVIVU.com' (images: 17, keypoints: 2)
  [+] Crawling article 196: https://www.ivivu.com/blog/2023/10/thu-sang-dong-den-mua-lau-binh-lieu-lai-gay-thuong-nho-khon-nguoi/ ...
    [ok] Crawled successfully: 'Thu sang đông đến, mùa lau Bình Liêu lại gây thương nhớ khôn nguôi - iVIVU.com' (images: 15, keypoints: 2)
  [+] Crawling article 197: https://www.ivivu.com/blog/2023/10/du-lich-quang-nam-kham-pha-ve-dep-bi-an-cua-thap-chien-dan/ ...
    [ok] Crawled successfully: 'Du lịch Quảng Nam, khám phá vẻ đẹp bí ẩn của tháp Chiên Đàn - iVIVU.com' (images: 15, keypoints: 2)
  [+] Crawling article 198: https://www.ivivu.com/blog/2023/10/lang-bich-hoa-tam-thanh-ngoi-lang-bich-hoa-dau-tien-cua-viet-nam-o-quang-nam/ ...
    [ok] Crawled successfully: 'Làng bích họa Tam Thanh – ngôi làng bích họa đầu tiên của Việt Nam ở Quảng Nam - iVIVU.com' (images: 23, keypoints: 2)
  [+] Crawling article 199: https://www.ivivu.com/blog/2023/10/vinholidays-fiesta-phu-quoc-khach-san-ly-tuong-cho-ky-nghi-tai-thien-duong-grand-world/ ...
    [ok] Crawled successfully: 'VinHolidays Fiesta Phú Quốc – khách sạn lý tưởng cho kỳ nghỉ tại "thiên đường" Grand World - iVIVU.com' (images: 14, keypoints: 2)
  [+] Crawling article 200: https://www.ivivu.com/blog/2023/10/du-lich-viet-nam-check-in-top-5-diem-den-dep-nhat-cho-ky-nghi-cuoi-nam/ ...
    [ok] Crawled successfully: 'Du lịch Việt Nam: Check-in top 5 điểm đến đẹp nhất cho kỳ nghỉ cuối năm - iVIVU.com' (images: 15, keypoints: 2)
  [+] Crawling article 201: https://www.ivivu.com/blog/2023/10/du-lich-ha-noi-den-tham-ngoi-lang-co-99-chiec-gieng-co-ky-la/ ...
    [ok] Crawled successfully: 'Du lịch Hà Nội, đến thăm ngôi làng có 99 chiếc giếng cổ kỳ lạ - iVIVU.com' (images: 11, keypoints: 2)
  [+] Crawling article 202: https://www.ivivu.com/blog/2023/10/tham-du-le-hoi-nguyen-trung-truc-noi-tieng-khap-kien-giang/ ...
    [ok] Crawled successfully: 'Tham dự lễ hội Nguyễn Trung Trực nổi tiếng khắp Kiên Giang - iVIVU.com' (images: 8, keypoints: 2)
  [+] Crawling article 203: https://www.ivivu.com/blog/2023/10/chua-ong-can-tho-kien-truc-doc-dao-cua-nguoi-hoa-giua-long-xu-tay-do/ ...
    [ok] Crawled successfully: 'Chùa Ông Cần Thơ – kiến trúc độc đáo của người Hoa giữa lòng xứ Tây Đô - iVIVU.com' (images: 13, keypoints: 2)

[Listing Page] Processing page 133 / 751 (https://www.ivivu.com/blog/category/top-diem-den/page/133/)
  [info] Found 20 new articles to crawl (out of 48 total links on page 133)
  [+] Crawling article 204: https://www.ivivu.com/blog/2023/10/oanh-tac-am-thuc-can-tho-voi-12-dia-diem-an-uong-duoc-yeu-thich/ ...
    [ok] Crawled successfully: '"Oanh tạc" ẩm thực Cần Thơ với 12 địa điểm ăn uống được yêu thích - iVIVU.com' (images: 29, keypoints: 1)
  [+] Crawling article 205: https://www.ivivu.com/blog/2023/10/nha-hat-mua-roi-thang-long-noi-ton-vinh-nghe-thuat-mua-roi-nuoc-doc-dao/ ...
    [ok] Crawled successfully: 'Nhà hát múa rối Thăng Long – Nơi tôn vinh nghệ thuật múa rối nước độc đáo - iVIVU.com' (images: 17, keypoints: 2)
  [+] Crawling article 206: https://www.ivivu.com/blog/2023/10/du-khach-viet-nam-co-the-tu-lai-xe-600km-vao-trung-quoc/ ...
    [ok] Crawled successfully: 'Du khách Việt Nam có thể tự lái xe 600km vào Trung Quốc - iVIVU.com' (images: 6, keypoints: 2)
  [+] Crawling article 207: https://www.ivivu.com/blog/2023/10/lang-da-khuoi-ky-ngoi-lang-lam-bang-da-hon-400-nam-tuoi-o-mien-bien-vien-cao-bang/ ...
    [ok] Crawled successfully: 'Làng đá Khuổi Ky – ngôi làng làm bằng đá hơn 400 năm tuổi ở miền biên viễn Cao Bằng - iVIVU.com' (images: 14, keypoints: 2)
  [+] Crawling article 208: https://www.ivivu.com/blog/2023/10/cua-hang-tien-loi-tren-vach-nui-o-ho-nam-trung-quoc/ ...
    [ok] Crawled successfully: 'Cửa hàng tiện lợi trên vách núi ở Hồ Nam, Trung Quốc - iVIVU.com' (images: 6, keypoints: 2)
  [+] Crawling article 209: https://www.ivivu.com/blog/2023/10/my-dua-them-mot-nuoc-vao-danh-sach-mien-thi-thuc/ ...
    [ok] Crawled successfully: 'Mỹ đưa thêm một nước vào danh sách miễn thị thực - iVIVU.com' (images: 4, keypoints: 2)
  [+] Crawling article 210: https://www.ivivu.com/blog/2023/10/nghi-duong-thuong-luu-tren-vinh-bien-cung-sieu-du-thuyen-grand-pioneers-ha-long-bay-i/ ...
    [ok] Crawled successfully: 'Nghỉ dưỡng thượng lưu trên vịnh biển cùng siêu du thuyền Grand Pioneers Hạ Long Bay I' (images: 16, keypoints: 2)
  [+] Crawling article 211: https://www.ivivu.com/blog/2023/10/seaesta-nha-trang-noi-luu-tru-tien-nghi-va-hien-dai-voi-gia-chi-599-000-dongkhach/ ...
    [ok] Crawled successfully: 'Seaesta Nha Trang – nơi lưu trú tiện nghi và hiện đại với giá chỉ 599.000 đồng/khách - iVIVU.com' (images: 19, keypoints: 2)
  [+] Crawling article 212: https://www.ivivu.com/blog/2023/10/renaissance-hoi-an-resort-spa-kham-pha-bien-cua-dai-trong-xanh-tai-resort-5-sao-dang-cap/ ...
    [ok] Crawled successfully: 'Renaissance Hội An Resort & Spa – khám phá biển Cửa Đại trong xanh tại resort 5 sao đẳng cấp - iVIVU.com' (images: 17, keypoints: 2)
  [+] Crawling article 213: https://www.ivivu.com/blog/2023/10/du-lich-ha-giang-kham-pha-lang-det-lanh-lung-tam-noi-tieng/ ...
    [ok] Crawled successfully: 'Du lịch Hà Giang, khám phá làng dệt lanh Lùng Tám nổi tiếng - iVIVU.com' (images: 12, keypoints: 2)
  [+] Crawling article 214: https://www.ivivu.com/blog/2023/10/movenpick-waverly-phu-quoc-nghi-duong-sang-trong-ben-nguoi-dep-say-ngu-cua-dao-ngoc/ ...
    [ok] Crawled successfully: 'Movenpick Waverly Phú Quốc - nghỉ dưỡng sang trọng bên “người đẹp say ngủ” của đảo ngọc - iVIVU.com' (images: 23, keypoints: 2)
  [+] Crawling article 215: https://www.ivivu.com/blog/2023/10/trai-nghiem-4n3d-tren-sieu-du-thuyen-spectrum-of-the-seas-danh-cho-ca-gia-dinh/ ...
    [ok] Crawled successfully: 'Trải nghiệm 4N3Đ trên siêu du thuyền Spectrum of the Seas dành cho cả gia đình - iVIVU.com' (images: 15, keypoints: 2)
  [+] Crawling article 216: https://www.ivivu.com/blog/2023/10/bao-tang-dan-toc-hoc-viet-nam-diem-hoi-tu-tinh-hoa-van-hoa-54-dan-toc-anh-em/ ...
    [ok] Crawled successfully: 'Bảo tàng Dân tộc học Việt Nam - Điểm hội tụ tinh hoa văn hóa 54 dân tộc anh em - iVIVU.com' (images: 23, keypoints: 2)
  [+] Crawling article 217: https://www.ivivu.com/blog/2023/10/top-5-khu-du-lich-o-can-tho-sieu-hut-khach/ ...
    [ok] Crawled successfully: 'Top 5 khu du lịch ở Cần Thơ siêu hút khách - iVIVU.com' (images: 22, keypoints: 2)
  [+] Crawling article 218: https://www.ivivu.com/blog/2023/10/top-3-ly-do-ban-khong-nen-di-tour-du-thuyen/ ...
    [ok] Crawled successfully: 'Top 3 lý do bạn không nên đi tour du thuyền - iVIVU.com' (images: 8, keypoints: 2)
  [+] Crawling article 219: https://www.ivivu.com/blog/2023/10/dam-chim-giua-thien-nhien-tho-mong-o-con-au-can-tho/ ...
    [ok] Crawled successfully: 'Đắm chìm giữa thiên nhiên thơ mộng ở cồn Ấu Cần Thơ - iVIVU.com' (images: 11, keypoints: 2)
  [+] Crawling article 220: https://www.ivivu.com/blog/2023/10/qua-deo-ngang-ghe-hoanh-son-quan-di-tich-co-xua-co-tuoi-doi-190-nam/ ...
    [ok] Crawled successfully: 'Qua đèo Ngang ghé Hoành Sơn Quan – di tích cổ xưa có tuổi đời 190 năm - iVIVU.com' (images: 16, keypoints: 2)
  [+] Crawling article 221: https://www.ivivu.com/blog/2023/10/du-lich-ba-vi-kham-pha-nhung-diem-den-xanh-giua-thien-nhien/ ...
    [ok] Crawled successfully: 'Du lịch Ba Vì, khám phá những điểm đến xanh giữa thiên nhiên - iVIVU.com' (images: 19, keypoints: 2)
  [+] Crawling article 222: https://www.ivivu.com/blog/2023/10/shilla-monogram-quang-nam-da-nang-khu-nghi-duong-bien-sang-trong-mang-phong-cach-han-quoc/ ...
    [ok] Crawled successfully: 'Shilla Monogram Quảng Nam Đà Nẵng – Khu nghỉ dưỡng biển sang trọng mang phong cách Hàn Quốc - iVIVU.com' (images: 16, keypoints: 2)
  [+] Crawling article 223: https://www.ivivu.com/blog/2023/10/nha-trang-marriott-resort-spa-thu-gian-tuyet-doi-giua-dao-hon-tre-xanh-tuoi/ ...
